2020-10-26 08:59:41.182 [restartedMain] WARN  org.apache.tomcat.util.modeler.Registry - The MBean registry cannot be disabled because it has already been initialised
2020-10-26 09:02:59.372 [restartedMain] WARN  org.apache.tomcat.util.modeler.Registry - The MBean registry cannot be disabled because it has already been initialised
2020-10-26 09:03:12.955 [restartedMain] WARN  org.apache.tomcat.util.modeler.Registry - The MBean registry cannot be disabled because it has already been initialised
2020-10-26 09:19:41.439 [restartedMain] WARN  org.apache.tomcat.util.modeler.Registry - The MBean registry cannot be disabled because it has already been initialised
2020-10-26 09:21:42.016 [restartedMain] WARN  org.apache.tomcat.util.modeler.Registry - The MBean registry cannot be disabled because it has already been initialised
2020-10-26 09:21:48.705 [restartedMain] WARN  org.apache.tomcat.util.modeler.Registry - The MBean registry cannot be disabled because it has already been initialised
2020-10-26 09:29:08.975 [restartedMain] WARN  org.apache.tomcat.util.modeler.Registry - The MBean registry cannot be disabled because it has already been initialised
2020-10-26 09:30:41.122 [restartedMain] WARN  org.apache.tomcat.util.modeler.Registry - The MBean registry cannot be disabled because it has already been initialised
2020-10-26 09:32:55.612 [restartedMain] WARN  org.apache.tomcat.util.modeler.Registry - The MBean registry cannot be disabled because it has already been initialised
2020-10-26 09:33:33.090 [restartedMain] WARN  org.apache.tomcat.util.modeler.Registry - The MBean registry cannot be disabled because it has already been initialised
2020-10-26 09:35:24.329 [restartedMain] WARN  org.apache.tomcat.util.modeler.Registry - The MBean registry cannot be disabled because it has already been initialised
2020-10-26 09:35:31.804 [restartedMain] WARN  org.apache.tomcat.util.modeler.Registry - The MBean registry cannot be disabled because it has already been initialised
2020-10-26 09:46:13.993 [restartedMain] WARN  org.apache.tomcat.util.modeler.Registry - The MBean registry cannot be disabled because it has already been initialised
2020-10-26 09:46:25.750 [http-nio-8001-exec-4] WARN  o.s.w.s.m.support.DefaultHandlerExceptionResolver - Resolved [org.springframework.validation.BindException: org.springframework.validation.BeanPropertyBindingResult: 1 errors
Field error in object 'buttons' on field 'menuId': rejected value [null]; codes [typeMismatch.buttons.menuId,typeMismatch.menuId,typeMismatch.java.lang.Integer,typeMismatch]; arguments [org.springframework.context.support.DefaultMessageSourceResolvable: codes [buttons.menuId,menuId]; arguments []; default message [menuId]]; default message [Failed to convert property value of type 'java.lang.String' to required type 'java.lang.Integer' for property 'menuId'; nested exception is java.lang.NumberFormatException: For input string: "null"]]
2020-10-26 09:46:26.479 [http-nio-8001-exec-3] WARN  o.s.w.s.m.support.DefaultHandlerExceptionResolver - Resolved [org.springframework.validation.BindException: org.springframework.validation.BeanPropertyBindingResult: 1 errors
Field error in object 'buttons' on field 'menuId': rejected value [null]; codes [typeMismatch.buttons.menuId,typeMismatch.menuId,typeMismatch.java.lang.Integer,typeMismatch]; arguments [org.springframework.context.support.DefaultMessageSourceResolvable: codes [buttons.menuId,menuId]; arguments []; default message [menuId]]; default message [Failed to convert property value of type 'java.lang.String' to required type 'java.lang.Integer' for property 'menuId'; nested exception is java.lang.NumberFormatException: For input string: "null"]]
2020-10-26 09:47:13.726 [http-nio-8001-exec-4] WARN  o.s.w.s.m.support.DefaultHandlerExceptionResolver - Resolved [org.springframework.validation.BindException: org.springframework.validation.BeanPropertyBindingResult: 1 errors
Field error in object 'buttons' on field 'menuId': rejected value [null]; codes [typeMismatch.buttons.menuId,typeMismatch.menuId,typeMismatch.java.lang.Integer,typeMismatch]; arguments [org.springframework.context.support.DefaultMessageSourceResolvable: codes [buttons.menuId,menuId]; arguments []; default message [menuId]]; default message [Failed to convert property value of type 'java.lang.String' to required type 'java.lang.Integer' for property 'menuId'; nested exception is java.lang.NumberFormatException: For input string: "null"]]
2020-10-26 09:48:03.120 [http-nio-8001-exec-2] WARN  o.s.w.s.m.support.DefaultHandlerExceptionResolver - Resolved [org.springframework.validation.BindException: org.springframework.validation.BeanPropertyBindingResult: 1 errors
Field error in object 'buttons' on field 'menuId': rejected value [null]; codes [typeMismatch.buttons.menuId,typeMismatch.menuId,typeMismatch.java.lang.Integer,typeMismatch]; arguments [org.springframework.context.support.DefaultMessageSourceResolvable: codes [buttons.menuId,menuId]; arguments []; default message [menuId]]; default message [Failed to convert property value of type 'java.lang.String' to required type 'java.lang.Integer' for property 'menuId'; nested exception is java.lang.NumberFormatException: For input string: "null"]]
2020-10-26 09:50:41.569 [restartedMain] WARN  org.apache.tomcat.util.modeler.Registry - The MBean registry cannot be disabled because it has already been initialised
2020-10-26 09:51:00.887 [restartedMain] WARN  org.apache.tomcat.util.modeler.Registry - The MBean registry cannot be disabled because it has already been initialised
2020-10-26 09:51:12.609 [restartedMain] WARN  org.apache.tomcat.util.modeler.Registry - The MBean registry cannot be disabled because it has already been initialised
2020-10-26 09:51:26.611 [http-nio-8001-exec-8] WARN  o.s.w.s.m.support.DefaultHandlerExceptionResolver - Resolved [org.springframework.validation.BindException: org.springframework.validation.BeanPropertyBindingResult: 1 errors
Field error in object 'buttons' on field 'menuId': rejected value [null]; codes [typeMismatch.buttons.menuId,typeMismatch.menuId,typeMismatch.java.lang.Integer,typeMismatch]; arguments [org.springframework.context.support.DefaultMessageSourceResolvable: codes [buttons.menuId,menuId]; arguments []; default message [menuId]]; default message [Failed to convert property value of type 'java.lang.String' to required type 'java.lang.Integer' for property 'menuId'; nested exception is java.lang.NumberFormatException: For input string: "null"]]
2020-10-26 09:52:50.904 [restartedMain] WARN  org.apache.tomcat.util.modeler.Registry - The MBean registry cannot be disabled because it has already been initialised
2020-10-26 09:53:40.498 [restartedMain] WARN  org.apache.tomcat.util.modeler.Registry - The MBean registry cannot be disabled because it has already been initialised
2020-10-26 09:54:04.121 [restartedMain] WARN  org.apache.tomcat.util.modeler.Registry - The MBean registry cannot be disabled because it has already been initialised
2020-10-26 09:54:14.550 [http-nio-8001-exec-4] WARN  o.s.w.s.m.m.a.ExceptionHandlerExceptionResolver - Resolved [org.springframework.jdbc.BadSqlGrammarException: 
### Error querying database.  Cause: java.sql.SQLSyntaxErrorException: You have an error in your SQL syntax; check the manual that corresponds to your MySQL server version for the right syntax to use near 'menu_id = 41
             
             ) 
         
   
     
        limit 0,1' at line 5
### The error may exist in file [C:\Users\cmx\git\SxxGDZB-customization\serverv2\target\classes\mapper\ButtonMapper.xml]
### The error may involve com.kiwihouse.dao.mapper.ButtonMapper.queryInfo-Inline
### The error occurred while setting parameters
### SQL: SELECT * FROM button WHERE id not in (             SELECT button_id FROM menu_btn_model              WHERE 1 = 1                           menu_id = ?                            )                              limit ?,?
### Cause: java.sql.SQLSyntaxErrorException: You have an error in your SQL syntax; check the manual that corresponds to your MySQL server version for the right syntax to use near 'menu_id = 41
             
             ) 
         
   
     
        limit 0,1' at line 5
; bad SQL grammar []; nested exception is java.sql.SQLSyntaxErrorException: You have an error in your SQL syntax; check the manual that corresponds to your MySQL server version for the right syntax to use near 'menu_id = 41
             
             ) 
         
   
     
        limit 0,1' at line 5]
2020-10-26 09:56:04.136 [restartedMain] WARN  org.apache.tomcat.util.modeler.Registry - The MBean registry cannot be disabled because it has already been initialised
2020-10-26 09:56:11.759 [restartedMain] WARN  org.apache.tomcat.util.modeler.Registry - The MBean registry cannot be disabled because it has already been initialised
2020-10-26 09:56:22.285 [http-nio-8001-exec-3] WARN  o.s.w.s.m.support.DefaultHandlerExceptionResolver - Resolved [org.springframework.validation.BindException: org.springframework.validation.BeanPropertyBindingResult: 1 errors
Field error in object 'buttons' on field 'menuId': rejected value [null]; codes [typeMismatch.buttons.menuId,typeMismatch.menuId,typeMismatch.java.lang.Integer,typeMismatch]; arguments [org.springframework.context.support.DefaultMessageSourceResolvable: codes [buttons.menuId,menuId]; arguments []; default message [menuId]]; default message [Failed to convert property value of type 'java.lang.String' to required type 'java.lang.Integer' for property 'menuId'; nested exception is java.lang.NumberFormatException: For input string: "null"]]
2020-10-26 09:56:29.515 [http-nio-8001-exec-5] WARN  o.s.w.s.m.m.a.ExceptionHandlerExceptionResolver - Resolved [org.mybatis.spring.MyBatisSystemException: nested exception is org.apache.ibatis.binding.BindingException: Parameter 'menuId' not found. Available parameters are [buttons, trigger, param1, param2]]
2020-10-26 09:56:43.307 [http-nio-8001-exec-9] WARN  o.s.w.s.m.m.a.ExceptionHandlerExceptionResolver - Resolved [org.mybatis.spring.MyBatisSystemException: nested exception is org.apache.ibatis.binding.BindingException: Parameter 'menuId' not found. Available parameters are [buttons, trigger, param1, param2]]
2020-10-26 09:57:48.585 [restartedMain] WARN  org.apache.tomcat.util.modeler.Registry - The MBean registry cannot be disabled because it has already been initialised
2020-10-26 10:00:15.691 [http-nio-8001-exec-5] WARN  o.s.w.s.m.support.DefaultHandlerExceptionResolver - Resolved [org.springframework.validation.BindException: org.springframework.validation.BeanPropertyBindingResult: 1 errors
Field error in object 'buttons' on field 'menuId': rejected value [null]; codes [typeMismatch.buttons.menuId,typeMismatch.menuId,typeMismatch.java.lang.Integer,typeMismatch]; arguments [org.springframework.context.support.DefaultMessageSourceResolvable: codes [buttons.menuId,menuId]; arguments []; default message [menuId]]; default message [Failed to convert property value of type 'java.lang.String' to required type 'java.lang.Integer' for property 'menuId'; nested exception is java.lang.NumberFormatException: For input string: "null"]]
2020-10-26 10:00:36.513 [http-nio-8001-exec-8] WARN  o.s.w.s.m.support.DefaultHandlerExceptionResolver - Resolved [org.springframework.validation.BindException: org.springframework.validation.BeanPropertyBindingResult: 1 errors
Field error in object 'buttons' on field 'menuId': rejected value [null]; codes [typeMismatch.buttons.menuId,typeMismatch.menuId,typeMismatch.java.lang.Integer,typeMismatch]; arguments [org.springframework.context.support.DefaultMessageSourceResolvable: codes [buttons.menuId,menuId]; arguments []; default message [menuId]]; default message [Failed to convert property value of type 'java.lang.String' to required type 'java.lang.Integer' for property 'menuId'; nested exception is java.lang.NumberFormatException: For input string: "null"]]
2020-10-26 10:03:52.746 [http-nio-8001-exec-6] WARN  o.s.w.s.m.support.DefaultHandlerExceptionResolver - Resolved [org.springframework.validation.BindException: org.springframework.validation.BeanPropertyBindingResult: 1 errors
Field error in object 'buttons' on field 'menuId': rejected value [null]; codes [typeMismatch.buttons.menuId,typeMismatch.menuId,typeMismatch.java.lang.Integer,typeMismatch]; arguments [org.springframework.context.support.DefaultMessageSourceResolvable: codes [buttons.menuId,menuId]; arguments []; default message [menuId]]; default message [Failed to convert property value of type 'java.lang.String' to required type 'java.lang.Integer' for property 'menuId'; nested exception is java.lang.NumberFormatException: For input string: "null"]]
2020-10-26 10:04:28.864 [http-nio-8001-exec-6] WARN  o.s.w.s.m.support.DefaultHandlerExceptionResolver - Resolved [org.springframework.validation.BindException: org.springframework.validation.BeanPropertyBindingResult: 1 errors
Field error in object 'buttons' on field 'menuId': rejected value [null]; codes [typeMismatch.buttons.menuId,typeMismatch.menuId,typeMismatch.java.lang.Integer,typeMismatch]; arguments [org.springframework.context.support.DefaultMessageSourceResolvable: codes [buttons.menuId,menuId]; arguments []; default message [menuId]]; default message [Failed to convert property value of type 'java.lang.String' to required type 'java.lang.Integer' for property 'menuId'; nested exception is java.lang.NumberFormatException: For input string: "null"]]
2020-10-26 10:04:47.894 [http-nio-8001-exec-8] WARN  o.s.w.s.m.support.DefaultHandlerExceptionResolver - Resolved [org.springframework.validation.BindException: org.springframework.validation.BeanPropertyBindingResult: 1 errors
Field error in object 'buttons' on field 'menuId': rejected value [null]; codes [typeMismatch.buttons.menuId,typeMismatch.menuId,typeMismatch.java.lang.Integer,typeMismatch]; arguments [org.springframework.context.support.DefaultMessageSourceResolvable: codes [buttons.menuId,menuId]; arguments []; default message [menuId]]; default message [Failed to convert property value of type 'java.lang.String' to required type 'java.lang.Integer' for property 'menuId'; nested exception is java.lang.NumberFormatException: For input string: "null"]]
2020-10-26 10:08:39.950 [restartedMain] WARN  org.apache.tomcat.util.modeler.Registry - The MBean registry cannot be disabled because it has already been initialised
2020-10-26 10:10:08.300 [restartedMain] WARN  org.apache.tomcat.util.modeler.Registry - The MBean registry cannot be disabled because it has already been initialised
