2020-12-31 16:52:56.750 DEBUG c.k.dao.mapper.AuthResourceMapper.selectRoleRules - ==>  Preparing: SELECT CONCAT(ar.URI, "==",UCASE(ar.method)) as url,GROUP_CONCAT(rol.CODE ORDER BY ar.URI) as needRoles FROM auth_resource ar LEFT JOIN menu_resource mr on ar.ID = mr.resource_id LEFT JOIN auth_role rol on mr.ROLE_ID = rol.ID where ar.type = 2 GROUP BY ar.URI,ar.ID 
2020-12-31 16:52:56.829 DEBUG c.k.dao.mapper.AuthResourceMapper.selectRoleRules - ==> Parameters: 
2020-12-31 16:52:56.872 DEBUG c.k.dao.mapper.AuthResourceMapper.selectRoleRules - <==      Total: 84
2020-12-31 16:53:01.661 DEBUG com.kiwihouse.dao.mapper.AlarmMapper.selectCode - ==>  Preparing: select * from return_code 
2020-12-31 16:53:01.662 DEBUG com.kiwihouse.dao.mapper.AlarmMapper.selectCode - ==> Parameters: 
2020-12-31 16:53:01.693 DEBUG com.kiwihouse.dao.mapper.AlarmMapper.selectCode - <==      Total: 164
2020-12-31 16:54:25.517 DEBUG c.k.dao.mapper.AuthResourceMapper.selectRoleRules - ==>  Preparing: SELECT CONCAT(ar.URI, "==",UCASE(ar.method)) as url,GROUP_CONCAT(rol.CODE ORDER BY ar.URI) as needRoles FROM auth_resource ar LEFT JOIN menu_resource mr on ar.ID = mr.resource_id LEFT JOIN auth_role rol on mr.ROLE_ID = rol.ID where ar.type = 2 GROUP BY ar.URI,ar.ID 
2020-12-31 16:54:25.518 DEBUG c.k.dao.mapper.AuthResourceMapper.selectRoleRules - ==> Parameters: 
2020-12-31 16:54:25.538 DEBUG c.k.dao.mapper.AuthResourceMapper.selectRoleRules - <==      Total: 84
2020-12-31 16:54:27.031 DEBUG com.kiwihouse.dao.mapper.AlarmMapper.selectCode - ==>  Preparing: select * from return_code 
2020-12-31 16:54:27.032 DEBUG com.kiwihouse.dao.mapper.AlarmMapper.selectCode - ==> Parameters: 
2020-12-31 16:54:27.052 DEBUG com.kiwihouse.dao.mapper.AlarmMapper.selectCode - <==      Total: 164
2020-12-31 16:55:15.958 DEBUG c.k.dao.mapper.AuthResourceMapper.selectRoleRules - ==>  Preparing: SELECT CONCAT(ar.URI, "==",UCASE(ar.method)) as url,GROUP_CONCAT(rol.CODE ORDER BY ar.URI) as needRoles FROM auth_resource ar LEFT JOIN menu_resource mr on ar.ID = mr.resource_id LEFT JOIN auth_role rol on mr.ROLE_ID = rol.ID where ar.type = 2 GROUP BY ar.URI,ar.ID 
2020-12-31 16:55:15.991 DEBUG c.k.dao.mapper.AuthResourceMapper.selectRoleRules - ==> Parameters: 
2020-12-31 16:55:16.038 DEBUG c.k.dao.mapper.AuthResourceMapper.selectRoleRules - <==      Total: 84
2020-12-31 16:55:20.300 DEBUG com.kiwihouse.dao.mapper.AlarmMapper.selectCode - ==>  Preparing: select * from return_code 
2020-12-31 16:55:20.301 DEBUG com.kiwihouse.dao.mapper.AlarmMapper.selectCode - ==> Parameters: 
2020-12-31 16:55:20.322 DEBUG com.kiwihouse.dao.mapper.AlarmMapper.selectCode - <==      Total: 164
2020-12-31 16:56:47.030 DEBUG c.k.dao.mapper.AuthResourceMapper.selectRoleRules - ==>  Preparing: SELECT CONCAT(ar.URI, "==",UCASE(ar.method)) as url,GROUP_CONCAT(rol.CODE ORDER BY ar.URI) as needRoles FROM auth_resource ar LEFT JOIN menu_resource mr on ar.ID = mr.resource_id LEFT JOIN auth_role rol on mr.ROLE_ID = rol.ID where ar.type = 2 GROUP BY ar.URI,ar.ID 
2020-12-31 16:56:47.030 DEBUG c.k.dao.mapper.AuthResourceMapper.selectRoleRules - ==> Parameters: 
2020-12-31 16:56:47.051 DEBUG c.k.dao.mapper.AuthResourceMapper.selectRoleRules - <==      Total: 84
2020-12-31 16:56:48.721 DEBUG com.kiwihouse.dao.mapper.AlarmMapper.selectCode - ==>  Preparing: select * from return_code 
2020-12-31 16:56:48.721 DEBUG com.kiwihouse.dao.mapper.AlarmMapper.selectCode - ==> Parameters: 
2020-12-31 16:56:48.740 DEBUG com.kiwihouse.dao.mapper.AlarmMapper.selectCode - <==      Total: 164
2020-12-31 16:57:56.359 DEBUG c.k.dao.mapper.AuthResourceMapper.selectRoleRules - ==>  Preparing: SELECT CONCAT(ar.URI, "==",UCASE(ar.method)) as url,GROUP_CONCAT(rol.CODE ORDER BY ar.URI) as needRoles FROM auth_resource ar LEFT JOIN menu_resource mr on ar.ID = mr.resource_id LEFT JOIN auth_role rol on mr.ROLE_ID = rol.ID where ar.type = 2 GROUP BY ar.URI,ar.ID 
2020-12-31 16:57:56.360 DEBUG c.k.dao.mapper.AuthResourceMapper.selectRoleRules - ==> Parameters: 
2020-12-31 16:57:56.387 DEBUG c.k.dao.mapper.AuthResourceMapper.selectRoleRules - <==      Total: 84
2020-12-31 16:57:58.093 DEBUG com.kiwihouse.dao.mapper.AlarmMapper.selectCode - ==>  Preparing: select * from return_code 
2020-12-31 16:57:58.093 DEBUG com.kiwihouse.dao.mapper.AlarmMapper.selectCode - ==> Parameters: 
2020-12-31 16:57:58.111 DEBUG com.kiwihouse.dao.mapper.AlarmMapper.selectCode - <==      Total: 164
2020-12-31 16:58:35.308 DEBUG c.k.dao.mapper.AuthResourceMapper.selectRoleRules - ==>  Preparing: SELECT CONCAT(ar.URI, "==",UCASE(ar.method)) as url,GROUP_CONCAT(rol.CODE ORDER BY ar.URI) as needRoles FROM auth_resource ar LEFT JOIN menu_resource mr on ar.ID = mr.resource_id LEFT JOIN auth_role rol on mr.ROLE_ID = rol.ID where ar.type = 2 GROUP BY ar.URI,ar.ID 
2020-12-31 16:58:35.341 DEBUG c.k.dao.mapper.AuthResourceMapper.selectRoleRules - ==> Parameters: 
2020-12-31 16:58:35.396 DEBUG c.k.dao.mapper.AuthResourceMapper.selectRoleRules - <==      Total: 84
2020-12-31 16:58:39.632 DEBUG com.kiwihouse.dao.mapper.AlarmMapper.selectCode - ==>  Preparing: select * from return_code 
2020-12-31 16:58:39.632 DEBUG com.kiwihouse.dao.mapper.AlarmMapper.selectCode - ==> Parameters: 
2020-12-31 16:58:39.658 DEBUG com.kiwihouse.dao.mapper.AlarmMapper.selectCode - <==      Total: 164
