2020-10-28 09:02:44.550 [http-nio-8001-exec-8] WARN  org.apache.shiro.authc.AbstractAuthenticator - Authentication failed for token submission [JwtToken(ipHost=0:0:0:0:0:0:0:1, deviceInfo=null, jwt=eyJhbGciOiJIUzUxMiIsInppcCI6IkRFRiJ9.eNokjF0KwyAQhO-yzy6stqYxlylRV7A_SVETCiF3r9qnmfmYmQMeJcIEg7LExjnU7Ee8Sq3RyiDRa7JOBWO8DyAgb7aWZ_-OS00x55rK-uQFM6edU4NzgUkOdLkZRUYL4O_nD0ZJHaT1xW3Y9N6_RLdb_YDzBwAA__8.3QLvW5o7ZIKActgaHIjTlbWwW0HF1vW1OLBUnhT-LIpXkvkUUb09s6vc62JFOi8bFvwfbgeOMh8LWd2767XSEQ)].  Possible unexpected error? (Typical or expected login exceptions should extend from AuthenticationException).
io.jsonwebtoken.ExpiredJwtException: JWT expired at 2020-10-27T22:48:15Z. Current time: 2020-10-28T09:02:44Z, a difference of 36869547 milliseconds.  Allowed clock skew: 0 milliseconds.
	at io.jsonwebtoken.impl.DefaultJwtParser.parse(DefaultJwtParser.java:385)
	at io.jsonwebtoken.impl.DefaultJwtParser.parse(DefaultJwtParser.java:481)
	at io.jsonwebtoken.impl.DefaultJwtParser.parseClaimsJws(DefaultJwtParser.java:541)
	at com.kiwihouse.util.JsonWebTokenUtil.parseJwt(JsonWebTokenUtil.java:148)
	at com.kiwihouse.shiro.matcher.JwtMatcher.doCredentialsMatch(JwtMatcher.java:31)
	at org.apache.shiro.realm.AuthenticatingRealm.assertCredentialsMatch(AuthenticatingRealm.java:600)
	at org.apache.shiro.realm.AuthenticatingRealm.getAuthenticationInfo(AuthenticatingRealm.java:581)
	at org.apache.shiro.authc.pam.ModularRealmAuthenticator.doSingleRealmAuthentication(ModularRealmAuthenticator.java:180)
	at com.kiwihouse.shiro.realm.AonModularRealmAuthenticator.doAuthenticate(AonModularRealmAuthenticator.java:30)
	at org.apache.shiro.authc.AbstractAuthenticator.authenticate(AbstractAuthenticator.java:198)
	at org.apache.shiro.mgt.AuthenticatingSecurityManager.authenticate(AuthenticatingSecurityManager.java:106)
	at org.apache.shiro.mgt.DefaultSecurityManager.login(DefaultSecurityManager.java:275)
	at org.apache.shiro.subject.support.DelegatingSubject.login(DelegatingSubject.java:260)
	at com.kiwihouse.shiro.filter.JwtFilter.isAccessAllowed(JwtFilter.java:63)
	at com.kiwihouse.shiro.filter.AbstractPathMatchingFilter.onPreHandle(AbstractPathMatchingFilter.java:83)
	at org.apache.shiro.web.filter.PathMatchingFilter.isFilterChainContinued(PathMatchingFilter.java:214)
	at org.apache.shiro.web.filter.PathMatchingFilter.preHandle(PathMatchingFilter.java:189)
	at org.apache.shiro.web.servlet.AdviceFilter.doFilterInternal(AdviceFilter.java:131)
	at org.apache.shiro.web.servlet.OncePerRequestFilter.doFilter(OncePerRequestFilter.java:125)
	at org.apache.shiro.web.servlet.ProxiedFilterChain.doFilter(ProxiedFilterChain.java:66)
	at org.apache.shiro.web.servlet.AbstractShiroFilter.executeChain(AbstractShiroFilter.java:449)
	at org.apache.shiro.web.servlet.AbstractShiroFilter$1.call(AbstractShiroFilter.java:365)
	at org.apache.shiro.subject.support.SubjectCallable.doCall(SubjectCallable.java:90)
	at org.apache.shiro.subject.support.SubjectCallable.call(SubjectCallable.java:83)
	at org.apache.shiro.subject.support.DelegatingSubject.execute(DelegatingSubject.java:387)
	at org.apache.shiro.web.servlet.AbstractShiroFilter.doFilterInternal(AbstractShiroFilter.java:362)
	at org.apache.shiro.web.servlet.OncePerRequestFilter.doFilter(OncePerRequestFilter.java:125)
	at org.apache.catalina.core.ApplicationFilterChain.internalDoFilter(ApplicationFilterChain.java:193)
	at org.apache.catalina.core.ApplicationFilterChain.doFilter(ApplicationFilterChain.java:166)
	at com.kiwihouse.support.XssSqlFilter.doFilter(XssSqlFilter.java:29)
	at org.apache.catalina.core.ApplicationFilterChain.internalDoFilter(ApplicationFilterChain.java:193)
	at org.apache.catalina.core.ApplicationFilterChain.doFilter(ApplicationFilterChain.java:166)
	at com.alibaba.druid.support.http.WebStatFilter.doFilter(WebStatFilter.java:124)
	at org.apache.catalina.core.ApplicationFilterChain.internalDoFilter(ApplicationFilterChain.java:193)
	at org.apache.catalina.core.ApplicationFilterChain.doFilter(ApplicationFilterChain.java:166)
	at org.springframework.web.filter.RequestContextFilter.doFilterInternal(RequestContextFilter.java:100)
	at org.springframework.web.filter.OncePerRequestFilter.doFilter(OncePerRequestFilter.java:119)
	at org.apache.catalina.core.ApplicationFilterChain.internalDoFilter(ApplicationFilterChain.java:193)
	at org.apache.catalina.core.ApplicationFilterChain.doFilter(ApplicationFilterChain.java:166)
	at org.springframework.web.filter.FormContentFilter.doFilterInternal(FormContentFilter.java:93)
	at org.springframework.web.filter.OncePerRequestFilter.doFilter(OncePerRequestFilter.java:119)
	at org.apache.catalina.core.ApplicationFilterChain.internalDoFilter(ApplicationFilterChain.java:193)
	at org.apache.catalina.core.ApplicationFilterChain.doFilter(ApplicationFilterChain.java:166)
	at org.springframework.web.filter.HiddenHttpMethodFilter.doFilterInternal(HiddenHttpMethodFilter.java:94)
	at org.springframework.web.filter.OncePerRequestFilter.doFilter(OncePerRequestFilter.java:119)
	at org.apache.catalina.core.ApplicationFilterChain.internalDoFilter(ApplicationFilterChain.java:193)
	at org.apache.catalina.core.ApplicationFilterChain.doFilter(ApplicationFilterChain.java:166)
	at org.springframework.web.filter.CharacterEncodingFilter.doFilterInternal(CharacterEncodingFilter.java:201)
	at org.springframework.web.filter.OncePerRequestFilter.doFilter(OncePerRequestFilter.java:119)
	at org.apache.catalina.core.ApplicationFilterChain.internalDoFilter(ApplicationFilterChain.java:193)
	at org.apache.catalina.core.ApplicationFilterChain.doFilter(ApplicationFilterChain.java:166)
	at org.springframework.web.filter.CorsFilter.doFilterInternal(CorsFilter.java:92)
	at org.springframework.web.filter.OncePerRequestFilter.doFilter(OncePerRequestFilter.java:119)
	at org.apache.catalina.core.ApplicationFilterChain.internalDoFilter(ApplicationFilterChain.java:193)
	at org.apache.catalina.core.ApplicationFilterChain.doFilter(ApplicationFilterChain.java:166)
	at org.apache.catalina.core.StandardWrapperValve.invoke(StandardWrapperValve.java:202)
	at org.apache.catalina.core.StandardContextValve.invoke(StandardContextValve.java:96)
	at org.apache.catalina.authenticator.AuthenticatorBase.invoke(AuthenticatorBase.java:526)
	at org.apache.catalina.core.StandardHostValve.invoke(StandardHostValve.java:139)
	at org.apache.catalina.valves.ErrorReportValve.invoke(ErrorReportValve.java:92)
	at org.apache.catalina.core.StandardEngineValve.invoke(StandardEngineValve.java:74)
	at org.apache.catalina.connector.CoyoteAdapter.service(CoyoteAdapter.java:343)
	at org.apache.coyote.http11.Http11Processor.service(Http11Processor.java:367)
	at org.apache.coyote.AbstractProcessorLight.process(AbstractProcessorLight.java:65)
	at org.apache.coyote.AbstractProtocol$ConnectionHandler.process(AbstractProtocol.java:860)
	at org.apache.tomcat.util.net.NioEndpoint$SocketProcessor.doRun(NioEndpoint.java:1591)
	at org.apache.tomcat.util.net.SocketProcessorBase.run(SocketProcessorBase.java:49)
	at java.util.concurrent.ThreadPoolExecutor.runWorker(ThreadPoolExecutor.java:1142)
	at java.util.concurrent.ThreadPoolExecutor$Worker.run(ThreadPoolExecutor.java:617)
	at org.apache.tomcat.util.threads.TaskThread$WrappingRunnable.run(TaskThread.java:61)
	at java.lang.Thread.run(Thread.java:745)
2020-10-28 09:02:44.822 [http-nio-8001-exec-10] WARN  org.apache.shiro.authc.AbstractAuthenticator - Authentication failed for token submission [JwtToken(ipHost=0:0:0:0:0:0:0:1, deviceInfo=null, jwt=eyJhbGciOiJIUzUxMiIsInppcCI6IkRFRiJ9.eNokjF0KwyAQhO-yzy6stqYxlylRV7A_SVETCiF3r9qnmfmYmQMeJcIEg7LExjnU7Ee8Sq3RyiDRa7JOBWO8DyAgb7aWZ_-OS00x55rK-uQFM6edU4NzgUkOdLkZRUYL4O_nD0ZJHaT1xW3Y9N6_RLdb_YDzBwAA__8.3QLvW5o7ZIKActgaHIjTlbWwW0HF1vW1OLBUnhT-LIpXkvkUUb09s6vc62JFOi8bFvwfbgeOMh8LWd2767XSEQ)].  Possible unexpected error? (Typical or expected login exceptions should extend from AuthenticationException).
io.jsonwebtoken.ExpiredJwtException: JWT expired at 2020-10-27T22:48:15Z. Current time: 2020-10-28T09:02:44Z, a difference of 36869822 milliseconds.  Allowed clock skew: 0 milliseconds.
	at io.jsonwebtoken.impl.DefaultJwtParser.parse(DefaultJwtParser.java:385)
	at io.jsonwebtoken.impl.DefaultJwtParser.parse(DefaultJwtParser.java:481)
	at io.jsonwebtoken.impl.DefaultJwtParser.parseClaimsJws(DefaultJwtParser.java:541)
	at com.kiwihouse.util.JsonWebTokenUtil.parseJwt(JsonWebTokenUtil.java:148)
	at com.kiwihouse.shiro.matcher.JwtMatcher.doCredentialsMatch(JwtMatcher.java:31)
	at org.apache.shiro.realm.AuthenticatingRealm.assertCredentialsMatch(AuthenticatingRealm.java:600)
	at org.apache.shiro.realm.AuthenticatingRealm.getAuthenticationInfo(AuthenticatingRealm.java:581)
	at org.apache.shiro.authc.pam.ModularRealmAuthenticator.doSingleRealmAuthentication(ModularRealmAuthenticator.java:180)
	at com.kiwihouse.shiro.realm.AonModularRealmAuthenticator.doAuthenticate(AonModularRealmAuthenticator.java:30)
	at org.apache.shiro.authc.AbstractAuthenticator.authenticate(AbstractAuthenticator.java:198)
	at org.apache.shiro.mgt.AuthenticatingSecurityManager.authenticate(AuthenticatingSecurityManager.java:106)
	at org.apache.shiro.mgt.DefaultSecurityManager.login(DefaultSecurityManager.java:275)
	at org.apache.shiro.subject.support.DelegatingSubject.login(DelegatingSubject.java:260)
	at com.kiwihouse.shiro.filter.JwtFilter.isAccessAllowed(JwtFilter.java:63)
	at com.kiwihouse.shiro.filter.AbstractPathMatchingFilter.onPreHandle(AbstractPathMatchingFilter.java:83)
	at org.apache.shiro.web.filter.PathMatchingFilter.isFilterChainContinued(PathMatchingFilter.java:214)
	at org.apache.shiro.web.filter.PathMatchingFilter.preHandle(PathMatchingFilter.java:189)
	at org.apache.shiro.web.servlet.AdviceFilter.doFilterInternal(AdviceFilter.java:131)
	at org.apache.shiro.web.servlet.OncePerRequestFilter.doFilter(OncePerRequestFilter.java:125)
	at org.apache.shiro.web.servlet.ProxiedFilterChain.doFilter(ProxiedFilterChain.java:66)
	at org.apache.shiro.web.servlet.AbstractShiroFilter.executeChain(AbstractShiroFilter.java:449)
	at org.apache.shiro.web.servlet.AbstractShiroFilter$1.call(AbstractShiroFilter.java:365)
	at org.apache.shiro.subject.support.SubjectCallable.doCall(SubjectCallable.java:90)
	at org.apache.shiro.subject.support.SubjectCallable.call(SubjectCallable.java:83)
	at org.apache.shiro.subject.support.DelegatingSubject.execute(DelegatingSubject.java:387)
	at org.apache.shiro.web.servlet.AbstractShiroFilter.doFilterInternal(AbstractShiroFilter.java:362)
	at org.apache.shiro.web.servlet.OncePerRequestFilter.doFilter(OncePerRequestFilter.java:125)
	at org.apache.catalina.core.ApplicationFilterChain.internalDoFilter(ApplicationFilterChain.java:193)
	at org.apache.catalina.core.ApplicationFilterChain.doFilter(ApplicationFilterChain.java:166)
	at com.kiwihouse.support.XssSqlFilter.doFilter(XssSqlFilter.java:29)
	at org.apache.catalina.core.ApplicationFilterChain.internalDoFilter(ApplicationFilterChain.java:193)
	at org.apache.catalina.core.ApplicationFilterChain.doFilter(ApplicationFilterChain.java:166)
	at com.alibaba.druid.support.http.WebStatFilter.doFilter(WebStatFilter.java:124)
	at org.apache.catalina.core.ApplicationFilterChain.internalDoFilter(ApplicationFilterChain.java:193)
	at org.apache.catalina.core.ApplicationFilterChain.doFilter(ApplicationFilterChain.java:166)
	at org.springframework.web.filter.RequestContextFilter.doFilterInternal(RequestContextFilter.java:100)
	at org.springframework.web.filter.OncePerRequestFilter.doFilter(OncePerRequestFilter.java:119)
	at org.apache.catalina.core.ApplicationFilterChain.internalDoFilter(ApplicationFilterChain.java:193)
	at org.apache.catalina.core.ApplicationFilterChain.doFilter(ApplicationFilterChain.java:166)
	at org.springframework.web.filter.FormContentFilter.doFilterInternal(FormContentFilter.java:93)
	at org.springframework.web.filter.OncePerRequestFilter.doFilter(OncePerRequestFilter.java:119)
	at org.apache.catalina.core.ApplicationFilterChain.internalDoFilter(ApplicationFilterChain.java:193)
	at org.apache.catalina.core.ApplicationFilterChain.doFilter(ApplicationFilterChain.java:166)
	at org.springframework.web.filter.HiddenHttpMethodFilter.doFilterInternal(HiddenHttpMethodFilter.java:94)
	at org.springframework.web.filter.OncePerRequestFilter.doFilter(OncePerRequestFilter.java:119)
	at org.apache.catalina.core.ApplicationFilterChain.internalDoFilter(ApplicationFilterChain.java:193)
	at org.apache.catalina.core.ApplicationFilterChain.doFilter(ApplicationFilterChain.java:166)
	at org.springframework.web.filter.CharacterEncodingFilter.doFilterInternal(CharacterEncodingFilter.java:201)
	at org.springframework.web.filter.OncePerRequestFilter.doFilter(OncePerRequestFilter.java:119)
	at org.apache.catalina.core.ApplicationFilterChain.internalDoFilter(ApplicationFilterChain.java:193)
	at org.apache.catalina.core.ApplicationFilterChain.doFilter(ApplicationFilterChain.java:166)
	at org.springframework.web.filter.CorsFilter.doFilterInternal(CorsFilter.java:92)
	at org.springframework.web.filter.OncePerRequestFilter.doFilter(OncePerRequestFilter.java:119)
	at org.apache.catalina.core.ApplicationFilterChain.internalDoFilter(ApplicationFilterChain.java:193)
	at org.apache.catalina.core.ApplicationFilterChain.doFilter(ApplicationFilterChain.java:166)
	at org.apache.catalina.core.StandardWrapperValve.invoke(StandardWrapperValve.java:202)
	at org.apache.catalina.core.StandardContextValve.invoke(StandardContextValve.java:96)
	at org.apache.catalina.authenticator.AuthenticatorBase.invoke(AuthenticatorBase.java:526)
	at org.apache.catalina.core.StandardHostValve.invoke(StandardHostValve.java:139)
	at org.apache.catalina.valves.ErrorReportValve.invoke(ErrorReportValve.java:92)
	at org.apache.catalina.core.StandardEngineValve.invoke(StandardEngineValve.java:74)
	at org.apache.catalina.connector.CoyoteAdapter.service(CoyoteAdapter.java:343)
	at org.apache.coyote.http11.Http11Processor.service(Http11Processor.java:367)
	at org.apache.coyote.AbstractProcessorLight.process(AbstractProcessorLight.java:65)
	at org.apache.coyote.AbstractProtocol$ConnectionHandler.process(AbstractProtocol.java:860)
	at org.apache.tomcat.util.net.NioEndpoint$SocketProcessor.doRun(NioEndpoint.java:1591)
	at org.apache.tomcat.util.net.SocketProcessorBase.run(SocketProcessorBase.java:49)
	at java.util.concurrent.ThreadPoolExecutor.runWorker(ThreadPoolExecutor.java:1142)
	at java.util.concurrent.ThreadPoolExecutor$Worker.run(ThreadPoolExecutor.java:617)
	at org.apache.tomcat.util.threads.TaskThread$WrappingRunnable.run(TaskThread.java:61)
	at java.lang.Thread.run(Thread.java:745)
2020-10-28 09:02:44.833 [http-nio-8001-exec-1] WARN  org.apache.shiro.authc.AbstractAuthenticator - Authentication failed for token submission [JwtToken(ipHost=0:0:0:0:0:0:0:1, deviceInfo=null, jwt=eyJhbGciOiJIUzUxMiIsInppcCI6IkRFRiJ9.eNokjF0KwyAQhO-yzy6stqYxlylRV7A_SVETCiF3r9qnmfmYmQMeJcIEg7LExjnU7Ee8Sq3RyiDRa7JOBWO8DyAgb7aWZ_-OS00x55rK-uQFM6edU4NzgUkOdLkZRUYL4O_nD0ZJHaT1xW3Y9N6_RLdb_YDzBwAA__8.3QLvW5o7ZIKActgaHIjTlbWwW0HF1vW1OLBUnhT-LIpXkvkUUb09s6vc62JFOi8bFvwfbgeOMh8LWd2767XSEQ)].  Possible unexpected error? (Typical or expected login exceptions should extend from AuthenticationException).
io.jsonwebtoken.ExpiredJwtException: JWT expired at 2020-10-27T22:48:15Z. Current time: 2020-10-28T09:02:44Z, a difference of 36869832 milliseconds.  Allowed clock skew: 0 milliseconds.
	at io.jsonwebtoken.impl.DefaultJwtParser.parse(DefaultJwtParser.java:385)
	at io.jsonwebtoken.impl.DefaultJwtParser.parse(DefaultJwtParser.java:481)
	at io.jsonwebtoken.impl.DefaultJwtParser.parseClaimsJws(DefaultJwtParser.java:541)
	at com.kiwihouse.util.JsonWebTokenUtil.parseJwt(JsonWebTokenUtil.java:148)
	at com.kiwihouse.shiro.matcher.JwtMatcher.doCredentialsMatch(JwtMatcher.java:31)
	at org.apache.shiro.realm.AuthenticatingRealm.assertCredentialsMatch(AuthenticatingRealm.java:600)
	at org.apache.shiro.realm.AuthenticatingRealm.getAuthenticationInfo(AuthenticatingRealm.java:581)
	at org.apache.shiro.authc.pam.ModularRealmAuthenticator.doSingleRealmAuthentication(ModularRealmAuthenticator.java:180)
	at com.kiwihouse.shiro.realm.AonModularRealmAuthenticator.doAuthenticate(AonModularRealmAuthenticator.java:30)
	at org.apache.shiro.authc.AbstractAuthenticator.authenticate(AbstractAuthenticator.java:198)
	at org.apache.shiro.mgt.AuthenticatingSecurityManager.authenticate(AuthenticatingSecurityManager.java:106)
	at org.apache.shiro.mgt.DefaultSecurityManager.login(DefaultSecurityManager.java:275)
	at org.apache.shiro.subject.support.DelegatingSubject.login(DelegatingSubject.java:260)
	at com.kiwihouse.shiro.filter.JwtFilter.isAccessAllowed(JwtFilter.java:63)
	at com.kiwihouse.shiro.filter.AbstractPathMatchingFilter.onPreHandle(AbstractPathMatchingFilter.java:83)
	at org.apache.shiro.web.filter.PathMatchingFilter.isFilterChainContinued(PathMatchingFilter.java:214)
	at org.apache.shiro.web.filter.PathMatchingFilter.preHandle(PathMatchingFilter.java:189)
	at org.apache.shiro.web.servlet.AdviceFilter.doFilterInternal(AdviceFilter.java:131)
	at org.apache.shiro.web.servlet.OncePerRequestFilter.doFilter(OncePerRequestFilter.java:125)
	at org.apache.shiro.web.servlet.ProxiedFilterChain.doFilter(ProxiedFilterChain.java:66)
	at org.apache.shiro.web.servlet.AbstractShiroFilter.executeChain(AbstractShiroFilter.java:449)
	at org.apache.shiro.web.servlet.AbstractShiroFilter$1.call(AbstractShiroFilter.java:365)
	at org.apache.shiro.subject.support.SubjectCallable.doCall(SubjectCallable.java:90)
	at org.apache.shiro.subject.support.SubjectCallable.call(SubjectCallable.java:83)
	at org.apache.shiro.subject.support.DelegatingSubject.execute(DelegatingSubject.java:387)
	at org.apache.shiro.web.servlet.AbstractShiroFilter.doFilterInternal(AbstractShiroFilter.java:362)
	at org.apache.shiro.web.servlet.OncePerRequestFilter.doFilter(OncePerRequestFilter.java:125)
	at org.apache.catalina.core.ApplicationFilterChain.internalDoFilter(ApplicationFilterChain.java:193)
	at org.apache.catalina.core.ApplicationFilterChain.doFilter(ApplicationFilterChain.java:166)
	at com.kiwihouse.support.XssSqlFilter.doFilter(XssSqlFilter.java:29)
	at org.apache.catalina.core.ApplicationFilterChain.internalDoFilter(ApplicationFilterChain.java:193)
	at org.apache.catalina.core.ApplicationFilterChain.doFilter(ApplicationFilterChain.java:166)
	at com.alibaba.druid.support.http.WebStatFilter.doFilter(WebStatFilter.java:124)
	at org.apache.catalina.core.ApplicationFilterChain.internalDoFilter(ApplicationFilterChain.java:193)
	at org.apache.catalina.core.ApplicationFilterChain.doFilter(ApplicationFilterChain.java:166)
	at org.springframework.web.filter.RequestContextFilter.doFilterInternal(RequestContextFilter.java:100)
	at org.springframework.web.filter.OncePerRequestFilter.doFilter(OncePerRequestFilter.java:119)
	at org.apache.catalina.core.ApplicationFilterChain.internalDoFilter(ApplicationFilterChain.java:193)
	at org.apache.catalina.core.ApplicationFilterChain.doFilter(ApplicationFilterChain.java:166)
	at org.springframework.web.filter.FormContentFilter.doFilterInternal(FormContentFilter.java:93)
	at org.springframework.web.filter.OncePerRequestFilter.doFilter(OncePerRequestFilter.java:119)
	at org.apache.catalina.core.ApplicationFilterChain.internalDoFilter(ApplicationFilterChain.java:193)
	at org.apache.catalina.core.ApplicationFilterChain.doFilter(ApplicationFilterChain.java:166)
	at org.springframework.web.filter.HiddenHttpMethodFilter.doFilterInternal(HiddenHttpMethodFilter.java:94)
	at org.springframework.web.filter.OncePerRequestFilter.doFilter(OncePerRequestFilter.java:119)
	at org.apache.catalina.core.ApplicationFilterChain.internalDoFilter(ApplicationFilterChain.java:193)
	at org.apache.catalina.core.ApplicationFilterChain.doFilter(ApplicationFilterChain.java:166)
	at org.springframework.web.filter.CharacterEncodingFilter.doFilterInternal(CharacterEncodingFilter.java:201)
	at org.springframework.web.filter.OncePerRequestFilter.doFilter(OncePerRequestFilter.java:119)
	at org.apache.catalina.core.ApplicationFilterChain.internalDoFilter(ApplicationFilterChain.java:193)
	at org.apache.catalina.core.ApplicationFilterChain.doFilter(ApplicationFilterChain.java:166)
	at org.springframework.web.filter.CorsFilter.doFilterInternal(CorsFilter.java:92)
	at org.springframework.web.filter.OncePerRequestFilter.doFilter(OncePerRequestFilter.java:119)
	at org.apache.catalina.core.ApplicationFilterChain.internalDoFilter(ApplicationFilterChain.java:193)
	at org.apache.catalina.core.ApplicationFilterChain.doFilter(ApplicationFilterChain.java:166)
	at org.apache.catalina.core.StandardWrapperValve.invoke(StandardWrapperValve.java:202)
	at org.apache.catalina.core.StandardContextValve.invoke(StandardContextValve.java:96)
	at org.apache.catalina.authenticator.AuthenticatorBase.invoke(AuthenticatorBase.java:526)
	at org.apache.catalina.core.StandardHostValve.invoke(StandardHostValve.java:139)
	at org.apache.catalina.valves.ErrorReportValve.invoke(ErrorReportValve.java:92)
	at org.apache.catalina.core.StandardEngineValve.invoke(StandardEngineValve.java:74)
	at org.apache.catalina.connector.CoyoteAdapter.service(CoyoteAdapter.java:343)
	at org.apache.coyote.http11.Http11Processor.service(Http11Processor.java:367)
	at org.apache.coyote.AbstractProcessorLight.process(AbstractProcessorLight.java:65)
	at org.apache.coyote.AbstractProtocol$ConnectionHandler.process(AbstractProtocol.java:860)
	at org.apache.tomcat.util.net.NioEndpoint$SocketProcessor.doRun(NioEndpoint.java:1591)
	at org.apache.tomcat.util.net.SocketProcessorBase.run(SocketProcessorBase.java:49)
	at java.util.concurrent.ThreadPoolExecutor.runWorker(ThreadPoolExecutor.java:1142)
	at java.util.concurrent.ThreadPoolExecutor$Worker.run(ThreadPoolExecutor.java:617)
	at org.apache.tomcat.util.threads.TaskThread$WrappingRunnable.run(TaskThread.java:61)
	at java.lang.Thread.run(Thread.java:745)
2020-10-28 09:09:42.845 [restartedMain] WARN  org.apache.tomcat.util.modeler.Registry - The MBean registry cannot be disabled because it has already been initialised
2020-10-28 09:10:02.943 [restartedMain] WARN  org.apache.tomcat.util.modeler.Registry - The MBean registry cannot be disabled because it has already been initialised
2020-10-28 09:10:27.119 [restartedMain] WARN  org.apache.tomcat.util.modeler.Registry - The MBean registry cannot be disabled because it has already been initialised
2020-10-28 09:10:57.507 [restartedMain] WARN  org.apache.tomcat.util.modeler.Registry - The MBean registry cannot be disabled because it has already been initialised
2020-10-28 09:38:28.598 [restartedMain] WARN  org.apache.tomcat.util.modeler.Registry - The MBean registry cannot be disabled because it has already been initialised
2020-10-28 09:39:16.004 [restartedMain] WARN  org.apache.tomcat.util.modeler.Registry - The MBean registry cannot be disabled because it has already been initialised
2020-10-28 09:39:31.498 [restartedMain] WARN  org.apache.tomcat.util.modeler.Registry - The MBean registry cannot be disabled because it has already been initialised
2020-10-28 09:39:48.422 [restartedMain] WARN  org.apache.tomcat.util.modeler.Registry - The MBean registry cannot be disabled because it has already been initialised
2020-10-28 09:41:22.784 [restartedMain] WARN  org.apache.tomcat.util.modeler.Registry - The MBean registry cannot be disabled because it has already been initialised
2020-10-28 09:43:25.873 [http-nio-8001-exec-8] WARN  o.s.w.s.m.m.a.ExceptionHandlerExceptionResolver - Resolved [org.mybatis.spring.MyBatisSystemException: nested exception is org.apache.ibatis.reflection.ReflectionException: There is no getter for property named 'doroleId' in 'class com.kiwihouse.vo.kiwihouse.EqptAddVo']
2020-10-28 09:44:04.132 [restartedMain] WARN  org.apache.tomcat.util.modeler.Registry - The MBean registry cannot be disabled because it has already been initialised
2020-10-28 09:44:10.339 [restartedMain] WARN  org.apache.tomcat.util.modeler.Registry - The MBean registry cannot be disabled because it has already been initialised
2020-10-28 09:44:15.355 [restartedMain] WARN  org.apache.tomcat.util.modeler.Registry - The MBean registry cannot be disabled because it has already been initialised
2020-10-28 09:44:25.858 [restartedMain] WARN  org.apache.tomcat.util.modeler.Registry - The MBean registry cannot be disabled because it has already been initialised
2020-10-28 09:44:32.498 [restartedMain] WARN  org.apache.tomcat.util.modeler.Registry - The MBean registry cannot be disabled because it has already been initialised
2020-10-28 09:44:36.493 [restartedMain] WARN  org.apache.tomcat.util.modeler.Registry - The MBean registry cannot be disabled because it has already been initialised
2020-10-28 09:46:11.016 [restartedMain] WARN  org.apache.tomcat.util.modeler.Registry - The MBean registry cannot be disabled because it has already been initialised
2020-10-28 09:46:36.228 [http-nio-8001-exec-1] WARN  o.s.w.s.m.m.a.ExceptionHandlerExceptionResolver - Resolved [org.springframework.dao.DataIntegrityViolationException: 
### Error updating database.  Cause: java.sql.SQLException: Field 'id' doesn't have a default value
### The error may exist in file [C:\Users\cmx\git\SxxGDZB-customization\serverv2\target\classes\mapper\EquipmentMapper.xml]
### The error may involve defaultParameterMap
### The error occurred while setting parameters
### SQL: insert into role_dev(role_id,eqpt_id) values(?,?)
### Cause: java.sql.SQLException: Field 'id' doesn't have a default value
; Field 'id' doesn't have a default value; nested exception is java.sql.SQLException: Field 'id' doesn't have a default value]
2020-10-28 09:48:00.903 [restartedMain] WARN  org.apache.tomcat.util.modeler.Registry - The MBean registry cannot be disabled because it has already been initialised
2020-10-28 10:00:30.897 [http-nio-8001-exec-1] WARN  o.s.w.s.m.m.a.ExceptionHandlerExceptionResolver - Resolved [org.springframework.dao.RecoverableDataAccessException: 
### Error querying database.  Cause: com.mysql.cj.jdbc.exceptions.CommunicationsException: Communications link failure

The last packet successfully received from the server was 29,788 milliseconds ago. The last packet sent successfully to the server was 29,800 milliseconds ago.
### The error may exist in file [C:\Users\cmx\git\SxxGDZB-customization\serverv2\target\classes\mapper\AlarmMapper.xml]
### The error may involve com.kiwihouse.dao.mapper.AlarmMapper.queryAlarmCount-Inline
### The error occurred while setting parameters
### SQL: SELECT count(*) FROM(      SELECT a.alarm_id FROM `alarm` a       LEFT JOIN equipment e on a.imei = e.imei       Left JOIN contacts c on e.user_id = c.user_id       where alarm_type != ''       and if_delete  = 0                                                                                                                       and DATE_FORMAT(a.add_time,'%Y-%m-%d %H:%i:%S') between ? and ?                                GROUP BY a.alarm_id                order by a.add_time                     ) t
### Cause: com.mysql.cj.jdbc.exceptions.CommunicationsException: Communications link failure

The last packet successfully received from the server was 29,788 milliseconds ago. The last packet sent successfully to the server was 29,800 milliseconds ago.
; Communications link failure

The last packet successfully received from the server was 29,788 milliseconds ago. The last packet sent successfully to the server was 29,800 milliseconds ago.; nested exception is com.mysql.cj.jdbc.exceptions.CommunicationsException: Communications link failure

The last packet successfully received from the server was 29,788 milliseconds ago. The last packet sent successfully to the server was 29,800 milliseconds ago.]
2020-10-28 10:13:04.832 [http-nio-8001-exec-7] WARN  o.s.w.s.m.m.a.ExceptionHandlerExceptionResolver - Resolved [org.springframework.web.method.annotation.MethodArgumentTypeMismatchException: Failed to convert value of type 'java.lang.String' to required type 'java.lang.Integer'; nested exception is java.lang.NumberFormatException: For input string: "null"]
2020-10-28 11:18:42.627 [restartedMain] WARN  org.apache.tomcat.util.modeler.Registry - The MBean registry cannot be disabled because it has already been initialised
2020-10-28 11:19:17.975 [http-nio-8001-exec-5] WARN  o.s.w.s.m.m.a.ExceptionHandlerExceptionResolver - Resolved [org.springframework.jdbc.BadSqlGrammarException: 
### Error querying database.  Cause: java.sql.SQLSyntaxErrorException: You have an error in your SQL syntax; check the manual that corresponds to your MySQL server version for the right syntax to use near 'WHERE  s.province='北京市' 
        order by e.add_time desc
         
      ' at line 5
### The error may exist in file [C:\Users\cmx\git\SxxGDZB-customization\serverv2\target\classes\mapper\EquipmentMapper.xml]
### The error may involve defaultParameterMap
### The error occurred while setting parameters
### SQL: SELECT e.* FROM role_dev rd INNER JOIN equipment e on e.eqpt_id = rd.eqpt_id   WHERE FIND_IN_SET(rd.role_id, queryChildrenAreaInfo(100))    GROUP BY e.imei    ORDER BY e.add_time          WHERE  s.province=?          order by e.add_time desc                    limit ?,?
### Cause: java.sql.SQLSyntaxErrorException: You have an error in your SQL syntax; check the manual that corresponds to your MySQL server version for the right syntax to use near 'WHERE  s.province='北京市' 
        order by e.add_time desc
         
      ' at line 5
; bad SQL grammar []; nested exception is java.sql.SQLSyntaxErrorException: You have an error in your SQL syntax; check the manual that corresponds to your MySQL server version for the right syntax to use near 'WHERE  s.province='北京市' 
        order by e.add_time desc
         
      ' at line 5]
2020-10-28 11:20:38.481 [restartedMain] WARN  org.apache.tomcat.util.modeler.Registry - The MBean registry cannot be disabled because it has already been initialised
2020-10-28 11:20:47.910 [restartedMain] WARN  org.apache.tomcat.util.modeler.Registry - The MBean registry cannot be disabled because it has already been initialised
2020-10-28 11:23:19.171 [http-nio-8001-exec-8] WARN  o.s.w.s.m.m.a.ExceptionHandlerExceptionResolver - Resolved [org.springframework.jdbc.BadSqlGrammarException: 
### Error querying database.  Cause: java.sql.SQLSyntaxErrorException: You have an error in your SQL syntax; check the manual that corresponds to your MySQL server version for the right syntax to use near 'WHERE  e.imei  like CONCAT('%','867808042087542','%') 
        order by e.add_ti' at line 5
### The error may exist in file [C:\Users\cmx\git\SxxGDZB-customization\serverv2\target\classes\mapper\EquipmentMapper.xml]
### The error may involve defaultParameterMap
### The error occurred while setting parameters
### SQL: SELECT e.* FROM role_dev rd INNER JOIN equipment e on e.eqpt_id = rd.eqpt_id   WHERE FIND_IN_SET(rd.role_id, queryChildrenAreaInfo(100))    GROUP BY e.imei    ORDER BY e.add_time          WHERE  e.imei  like CONCAT('%',?,'%')          order by e.add_time desc
### Cause: java.sql.SQLSyntaxErrorException: You have an error in your SQL syntax; check the manual that corresponds to your MySQL server version for the right syntax to use near 'WHERE  e.imei  like CONCAT('%','867808042087542','%') 
        order by e.add_ti' at line 5
; bad SQL grammar []; nested exception is java.sql.SQLSyntaxErrorException: You have an error in your SQL syntax; check the manual that corresponds to your MySQL server version for the right syntax to use near 'WHERE  e.imei  like CONCAT('%','867808042087542','%') 
        order by e.add_ti' at line 5]
2020-10-28 11:23:25.593 [restartedMain] WARN  org.apache.tomcat.util.modeler.Registry - The MBean registry cannot be disabled because it has already been initialised
2020-10-28 11:23:27.632 [http-nio-8001-exec-8] WARN  o.s.w.s.m.m.a.ExceptionHandlerExceptionResolver - Resolved [org.springframework.jdbc.BadSqlGrammarException: 
### Error querying database.  Cause: java.sql.SQLSyntaxErrorException: You have an error in your SQL syntax; check the manual that corresponds to your MySQL server version for the right syntax to use near 'order by e.add_time desc
         
        	limit 0,10' at line 7
### The error may exist in file [C:\Users\cmx\git\SxxGDZB-customization\serverv2\target\classes\mapper\EquipmentMapper.xml]
### The error may involve defaultParameterMap
### The error occurred while setting parameters
### SQL: SELECT e.* FROM role_dev rd INNER JOIN equipment e on e.eqpt_id = rd.eqpt_id   INNER join `auth_user` as u on e.user_id=u.UID   WHERE FIND_IN_SET(rd.role_id, queryChildrenAreaInfo(100))    GROUP BY e.imei    ORDER BY e.add_time                    order by e.add_time desc                    limit ?,?
### Cause: java.sql.SQLSyntaxErrorException: You have an error in your SQL syntax; check the manual that corresponds to your MySQL server version for the right syntax to use near 'order by e.add_time desc
         
        	limit 0,10' at line 7
; bad SQL grammar []; nested exception is java.sql.SQLSyntaxErrorException: You have an error in your SQL syntax; check the manual that corresponds to your MySQL server version for the right syntax to use near 'order by e.add_time desc
         
        	limit 0,10' at line 7]
2020-10-28 11:23:33.251 [http-nio-8001-exec-2] WARN  o.s.w.s.m.m.a.ExceptionHandlerExceptionResolver - Resolved [org.springframework.jdbc.BadSqlGrammarException: 
### Error querying database.  Cause: java.sql.SQLSyntaxErrorException: You have an error in your SQL syntax; check the manual that corresponds to your MySQL server version for the right syntax to use near 'WHERE  (e.eqpt_type=0 or e.eqpt_type=2) 
            ) tem' at line 7
### The error may exist in file [C:\Users\cmx\git\SxxGDZB-customization\serverv2\target\classes\mapper\EquipmentMapper.xml]
### The error may involve com.kiwihouse.dao.mapper.EquipmentMapper.queryInfoCount-Inline
### The error occurred while setting parameters
### SQL: SELECT count(*) FROM ( SELECT e.* FROM role_dev rd INNER JOIN equipment e on e.eqpt_id = rd.eqpt_id INNER join `auth_user` as u on e.user_id=u.UID WHERE FIND_IN_SET(rd.role_id, queryChildrenAreaInfo(100))  GROUP BY e.imei  ORDER BY e.add_time          WHERE  (e.eqpt_type=0 or e.eqpt_type=2)              ) tem
### Cause: java.sql.SQLSyntaxErrorException: You have an error in your SQL syntax; check the manual that corresponds to your MySQL server version for the right syntax to use near 'WHERE  (e.eqpt_type=0 or e.eqpt_type=2) 
            ) tem' at line 7
; bad SQL grammar []; nested exception is java.sql.SQLSyntaxErrorException: You have an error in your SQL syntax; check the manual that corresponds to your MySQL server version for the right syntax to use near 'WHERE  (e.eqpt_type=0 or e.eqpt_type=2) 
            ) tem' at line 7]
2020-10-28 11:23:33.546 [http-nio-8001-exec-9] WARN  o.s.w.s.m.m.a.ExceptionHandlerExceptionResolver - Resolved [org.springframework.jdbc.BadSqlGrammarException: 
### Error querying database.  Cause: java.sql.SQLSyntaxErrorException: You have an error in your SQL syntax; check the manual that corresponds to your MySQL server version for the right syntax to use near 'order by e.add_time desc
         
        	limit 0,10' at line 7
### The error may exist in file [C:\Users\cmx\git\SxxGDZB-customization\serverv2\target\classes\mapper\EquipmentMapper.xml]
### The error may involve defaultParameterMap
### The error occurred while setting parameters
### SQL: SELECT e.* FROM role_dev rd INNER JOIN equipment e on e.eqpt_id = rd.eqpt_id   INNER join `auth_user` as u on e.user_id=u.UID   WHERE FIND_IN_SET(rd.role_id, queryChildrenAreaInfo(100))    GROUP BY e.imei    ORDER BY e.add_time                    order by e.add_time desc                    limit ?,?
### Cause: java.sql.SQLSyntaxErrorException: You have an error in your SQL syntax; check the manual that corresponds to your MySQL server version for the right syntax to use near 'order by e.add_time desc
         
        	limit 0,10' at line 7
; bad SQL grammar []; nested exception is java.sql.SQLSyntaxErrorException: You have an error in your SQL syntax; check the manual that corresponds to your MySQL server version for the right syntax to use near 'order by e.add_time desc
         
        	limit 0,10' at line 7]
2020-10-28 11:23:43.721 [restartedMain] WARN  org.apache.tomcat.util.modeler.Registry - The MBean registry cannot be disabled because it has already been initialised
2020-10-28 11:24:08.146 [restartedMain] WARN  org.apache.tomcat.util.modeler.Registry - The MBean registry cannot be disabled because it has already been initialised
2020-10-28 11:24:35.312 [http-nio-8001-exec-9] WARN  o.s.w.s.m.m.a.ExceptionHandlerExceptionResolver - Resolved [org.springframework.jdbc.BadSqlGrammarException: 
### Error querying database.  Cause: java.sql.SQLSyntaxErrorException: You have an error in your SQL syntax; check the manual that corresponds to your MySQL server version for the right syntax to use near 'WHERE  (e.eqpt_type=0 or e.eqpt_type=2) 
            GROUP BY e.imei 
          ' at line 6
### The error may exist in file [C:\Users\cmx\git\SxxGDZB-customization\serverv2\target\classes\mapper\EquipmentMapper.xml]
### The error may involve com.kiwihouse.dao.mapper.EquipmentMapper.queryInfoCount-Inline
### The error occurred while setting parameters
### SQL: SELECT count(*) FROM ( SELECT e.* FROM role_dev rd INNER JOIN equipment e on e.eqpt_id = rd.eqpt_id INNER join `auth_user` as u on e.user_id=u.UID WHERE FIND_IN_SET(rd.role_id, queryChildrenAreaInfo(100))            WHERE  (e.eqpt_type=0 or e.eqpt_type=2)              GROUP BY e.imei              ORDER BY e.add_time             ) tem
### Cause: java.sql.SQLSyntaxErrorException: You have an error in your SQL syntax; check the manual that corresponds to your MySQL server version for the right syntax to use near 'WHERE  (e.eqpt_type=0 or e.eqpt_type=2) 
            GROUP BY e.imei 
          ' at line 6
; bad SQL grammar []; nested exception is java.sql.SQLSyntaxErrorException: You have an error in your SQL syntax; check the manual that corresponds to your MySQL server version for the right syntax to use near 'WHERE  (e.eqpt_type=0 or e.eqpt_type=2) 
            GROUP BY e.imei 
          ' at line 6]
2020-10-28 11:25:07.252 [restartedMain] WARN  org.apache.tomcat.util.modeler.Registry - The MBean registry cannot be disabled because it has already been initialised
2020-10-28 11:25:10.137 [http-nio-8001-exec-5] WARN  o.s.w.s.m.m.a.ExceptionHandlerExceptionResolver - Resolved [org.springframework.jdbc.BadSqlGrammarException: 
### Error querying database.  Cause: java.sql.SQLSyntaxErrorException: You have an error in your SQL syntax; check the manual that corresponds to your MySQL server version for the right syntax to use near 'WHERE  (e.eqpt_type=0 or e.eqpt_type=2) 
            GROUP BY e.imei 
          ' at line 6
### The error may exist in file [C:\Users\cmx\git\SxxGDZB-customization\serverv2\target\classes\mapper\EquipmentMapper.xml]
### The error may involve com.kiwihouse.dao.mapper.EquipmentMapper.queryInfoCount-Inline
### The error occurred while setting parameters
### SQL: SELECT count(*) FROM ( SELECT e.* FROM role_dev rd INNER JOIN equipment e on e.eqpt_id = rd.eqpt_id INNER join `auth_user` as u on e.user_id=u.UID WHERE FIND_IN_SET(rd.role_id, queryChildrenAreaInfo(100))            WHERE  (e.eqpt_type=0 or e.eqpt_type=2)              GROUP BY e.imei              ORDER BY e.add_time             ) tem
### Cause: java.sql.SQLSyntaxErrorException: You have an error in your SQL syntax; check the manual that corresponds to your MySQL server version for the right syntax to use near 'WHERE  (e.eqpt_type=0 or e.eqpt_type=2) 
            GROUP BY e.imei 
          ' at line 6
; bad SQL grammar []; nested exception is java.sql.SQLSyntaxErrorException: You have an error in your SQL syntax; check the manual that corresponds to your MySQL server version for the right syntax to use near 'WHERE  (e.eqpt_type=0 or e.eqpt_type=2) 
            GROUP BY e.imei 
          ' at line 6]
2020-10-28 11:25:10.201 [http-nio-8001-exec-2] WARN  o.s.w.s.m.m.a.ExceptionHandlerExceptionResolver - Resolved [org.mybatis.spring.MyBatisSystemException: nested exception is org.apache.ibatis.reflection.ReflectionException: There is no getter for property named '#roleId' in 'class com.kiwihouse.vo.kiwihouse.EqptQueryVo']
2020-10-28 11:26:11.288 [http-nio-8001-exec-2] WARN  o.s.w.s.m.m.a.ExceptionHandlerExceptionResolver - Resolved [org.springframework.jdbc.BadSqlGrammarException: 
### Error querying database.  Cause: java.sql.SQLSyntaxErrorException: You have an error in your SQL syntax; check the manual that corresponds to your MySQL server version for the right syntax to use near 'WHERE  (e.eqpt_type=0 or e.eqpt_type=2) 
            GROUP BY e.imei 
          ' at line 6
### The error may exist in file [C:\Users\cmx\git\SxxGDZB-customization\serverv2\target\classes\mapper\EquipmentMapper.xml]
### The error may involve com.kiwihouse.dao.mapper.EquipmentMapper.queryInfoCount-Inline
### The error occurred while setting parameters
### SQL: SELECT count(*) FROM ( SELECT e.* FROM role_dev rd INNER JOIN equipment e on e.eqpt_id = rd.eqpt_id INNER join `auth_user` as u on e.user_id=u.UID WHERE FIND_IN_SET(rd.role_id, queryChildrenAreaInfo(100))            WHERE  (e.eqpt_type=0 or e.eqpt_type=2)              GROUP BY e.imei              ORDER BY e.add_time             ) tem
### Cause: java.sql.SQLSyntaxErrorException: You have an error in your SQL syntax; check the manual that corresponds to your MySQL server version for the right syntax to use near 'WHERE  (e.eqpt_type=0 or e.eqpt_type=2) 
            GROUP BY e.imei 
          ' at line 6
; bad SQL grammar []; nested exception is java.sql.SQLSyntaxErrorException: You have an error in your SQL syntax; check the manual that corresponds to your MySQL server version for the right syntax to use near 'WHERE  (e.eqpt_type=0 or e.eqpt_type=2) 
            GROUP BY e.imei 
          ' at line 6]
2020-10-28 11:26:11.351 [http-nio-8001-exec-4] WARN  o.s.w.s.m.m.a.ExceptionHandlerExceptionResolver - Resolved [org.mybatis.spring.MyBatisSystemException: nested exception is org.apache.ibatis.reflection.ReflectionException: There is no getter for property named '#roleId' in 'class com.kiwihouse.vo.kiwihouse.EqptQueryVo']
2020-10-28 11:26:32.739 [restartedMain] WARN  org.apache.tomcat.util.modeler.Registry - The MBean registry cannot be disabled because it has already been initialised
2020-10-28 11:26:35.377 [http-nio-8001-exec-3] WARN  o.s.w.s.m.m.a.ExceptionHandlerExceptionResolver - Resolved [org.springframework.jdbc.BadSqlGrammarException: 
### Error querying database.  Cause: java.sql.SQLSyntaxErrorException: You have an error in your SQL syntax; check the manual that corresponds to your MySQL server version for the right syntax to use near 'WHERE  (e.eqpt_type=0 or e.eqpt_type=2) 
            GROUP BY e.imei 
          ' at line 6
### The error may exist in file [C:\Users\cmx\git\SxxGDZB-customization\serverv2\target\classes\mapper\EquipmentMapper.xml]
### The error may involve com.kiwihouse.dao.mapper.EquipmentMapper.queryInfoCount-Inline
### The error occurred while setting parameters
### SQL: SELECT count(*) FROM ( SELECT e.* FROM role_dev rd INNER JOIN equipment e on e.eqpt_id = rd.eqpt_id INNER join `auth_user` as u on e.user_id=u.UID WHERE FIND_IN_SET(rd.role_id, queryChildrenAreaInfo(100))            WHERE  (e.eqpt_type=0 or e.eqpt_type=2)              GROUP BY e.imei              ORDER BY e.add_time             ) tem
### Cause: java.sql.SQLSyntaxErrorException: You have an error in your SQL syntax; check the manual that corresponds to your MySQL server version for the right syntax to use near 'WHERE  (e.eqpt_type=0 or e.eqpt_type=2) 
            GROUP BY e.imei 
          ' at line 6
; bad SQL grammar []; nested exception is java.sql.SQLSyntaxErrorException: You have an error in your SQL syntax; check the manual that corresponds to your MySQL server version for the right syntax to use near 'WHERE  (e.eqpt_type=0 or e.eqpt_type=2) 
            GROUP BY e.imei 
          ' at line 6]
2020-10-28 11:27:02.255 [http-nio-8001-exec-3] WARN  o.s.w.s.m.m.a.ExceptionHandlerExceptionResolver - Resolved [org.mybatis.spring.MyBatisSystemException: nested exception is org.apache.ibatis.exceptions.PersistenceException: 
### Error querying database.  Cause: org.springframework.jdbc.CannotGetJdbcConnectionException: Failed to obtain JDBC Connection; nested exception is com.alibaba.druid.pool.DataSourceClosedException: dataSource already closed at Wed Oct 28 11:27:02 CST 2020
### The error may exist in file [C:\Users\cmx\git\SxxGDZB-customization\serverv2\target\classes\mapper\AlarmMapper.xml]
### The error may involve com.kiwihouse.dao.mapper.AlarmMapper.selectByTimesAndType
### The error occurred while executing a query
### Cause: org.springframework.jdbc.CannotGetJdbcConnectionException: Failed to obtain JDBC Connection; nested exception is com.alibaba.druid.pool.DataSourceClosedException: dataSource already closed at Wed Oct 28 11:27:02 CST 2020]
2020-10-28 11:27:03.913 [restartedMain] WARN  org.apache.tomcat.util.modeler.Registry - The MBean registry cannot be disabled because it has already been initialised
2020-10-28 11:27:45.540 [http-nio-8001-exec-8] WARN  o.s.w.s.m.m.a.ExceptionHandlerExceptionResolver - Resolved [org.springframework.jdbc.BadSqlGrammarException: 
### Error querying database.  Cause: java.sql.SQLSyntaxErrorException: You have an error in your SQL syntax; check the manual that corresponds to your MySQL server version for the right syntax to use near 'WHERE  (e.eqpt_type=0 or e.eqpt_type=2) 
            GROUP BY e.imei 
          ' at line 6
### The error may exist in file [C:\Users\cmx\git\SxxGDZB-customization\serverv2\target\classes\mapper\EquipmentMapper.xml]
### The error may involve com.kiwihouse.dao.mapper.EquipmentMapper.queryInfoCount-Inline
### The error occurred while setting parameters
### SQL: SELECT count(*) FROM ( SELECT e.* FROM role_dev rd INNER JOIN equipment e on e.eqpt_id = rd.eqpt_id INNER join `auth_user` as u on e.user_id=u.UID WHERE FIND_IN_SET(rd.role_id, queryChildrenAreaInfo(100))            WHERE  (e.eqpt_type=0 or e.eqpt_type=2)              GROUP BY e.imei              ORDER BY e.add_time             ) tem
### Cause: java.sql.SQLSyntaxErrorException: You have an error in your SQL syntax; check the manual that corresponds to your MySQL server version for the right syntax to use near 'WHERE  (e.eqpt_type=0 or e.eqpt_type=2) 
            GROUP BY e.imei 
          ' at line 6
; bad SQL grammar []; nested exception is java.sql.SQLSyntaxErrorException: You have an error in your SQL syntax; check the manual that corresponds to your MySQL server version for the right syntax to use near 'WHERE  (e.eqpt_type=0 or e.eqpt_type=2) 
            GROUP BY e.imei 
          ' at line 6]
2020-10-28 11:28:42.992 [restartedMain] WARN  org.apache.tomcat.util.modeler.Registry - The MBean registry cannot be disabled because it has already been initialised
2020-10-28 11:28:59.911 [restartedMain] WARN  org.apache.tomcat.util.modeler.Registry - The MBean registry cannot be disabled because it has already been initialised
2020-10-28 11:29:36.708 [http-nio-8001-exec-1] WARN  o.s.w.s.m.m.a.ExceptionHandlerExceptionResolver - Resolved [javax.validation.ConstraintViolationException: commandIssuedList.list[0].imei: imei is not null, commandIssuedList.list[0].eqptType: eqptType is not null]
2020-10-28 11:29:37.212 [http-nio-8001-exec-2] WARN  o.s.w.s.m.m.a.ExceptionHandlerExceptionResolver - Resolved [javax.validation.ConstraintViolationException: commandIssuedList.list[0].imei: imei is not null, commandIssuedList.list[0].eqptType: eqptType is not null]
2020-10-28 11:30:22.308 [http-nio-8001-exec-9] WARN  o.s.w.s.m.m.a.ExceptionHandlerExceptionResolver - Resolved [org.springframework.jdbc.BadSqlGrammarException: 
### Error querying database.  Cause: java.sql.SQLSyntaxErrorException: Unknown column 's.province' in 'where clause'
### The error may exist in file [C:\Users\cmx\git\SxxGDZB-customization\serverv2\target\classes\mapper\EquipmentMapper.xml]
### The error may involve defaultParameterMap
### The error occurred while setting parameters
### SQL: SELECT e.* FROM role_dev rd INNER JOIN equipment e on e.eqpt_id = rd.eqpt_id   INNER join `auth_user` as u on e.user_id=u.UID          WHERE FIND_IN_SET(rd.role_id, queryChildrenAreaInfo(?))                                                                                                             and s.province=?          GROUP BY e.imei          ORDER BY e.add_time desc
### Cause: java.sql.SQLSyntaxErrorException: Unknown column 's.province' in 'where clause'
; bad SQL grammar []; nested exception is java.sql.SQLSyntaxErrorException: Unknown column 's.province' in 'where clause']
2020-10-28 11:30:44.093 [restartedMain] WARN  org.apache.tomcat.util.modeler.Registry - The MBean registry cannot be disabled because it has already been initialised
2020-10-28 11:30:54.516 [http-nio-8001-exec-2] WARN  o.s.w.s.m.m.a.ExceptionHandlerExceptionResolver - Resolved [org.springframework.jdbc.BadSqlGrammarException: 
### Error querying database.  Cause: java.sql.SQLSyntaxErrorException: Unknown column 's.province' in 'where clause'
### The error may exist in file [C:\Users\cmx\git\SxxGDZB-customization\serverv2\target\classes\mapper\EquipmentMapper.xml]
### The error may involve defaultParameterMap
### The error occurred while setting parameters
### SQL: SELECT e.* FROM role_dev rd INNER JOIN equipment e on e.eqpt_id = rd.eqpt_id   INNER join `auth_user` as u on e.user_id=u.UID          WHERE FIND_IN_SET(rd.role_id, queryChildrenAreaInfo(?))                                                                                                             and s.province=?          GROUP BY e.imei          ORDER BY e.add_time desc                    limit ?,?
### Cause: java.sql.SQLSyntaxErrorException: Unknown column 's.province' in 'where clause'
; bad SQL grammar []; nested exception is java.sql.SQLSyntaxErrorException: Unknown column 's.province' in 'where clause']
2020-10-28 11:31:04.863 [http-nio-8001-exec-1] WARN  o.s.w.s.m.m.a.ExceptionHandlerExceptionResolver - Resolved [javax.validation.ConstraintViolationException: commandIssuedList.list[0].eqptType: eqptType is not null, commandIssuedList.list[0].imei: imei is not null]
2020-10-28 11:31:05.350 [http-nio-8001-exec-2] WARN  o.s.w.s.m.m.a.ExceptionHandlerExceptionResolver - Resolved [javax.validation.ConstraintViolationException: commandIssuedList.list[0].imei: imei is not null, commandIssuedList.list[0].eqptType: eqptType is not null]
2020-10-28 11:31:05.560 [http-nio-8001-exec-5] WARN  o.s.w.s.m.m.a.ExceptionHandlerExceptionResolver - Resolved [javax.validation.ConstraintViolationException: commandIssuedList.list[0].eqptType: eqptType is not null, commandIssuedList.list[0].imei: imei is not null]
2020-10-28 11:31:05.775 [http-nio-8001-exec-9] WARN  o.s.w.s.m.m.a.ExceptionHandlerExceptionResolver - Resolved [javax.validation.ConstraintViolationException: commandIssuedList.list[0].imei: imei is not null, commandIssuedList.list[0].eqptType: eqptType is not null]
2020-10-28 11:31:07.792 [http-nio-8001-exec-10] WARN  o.s.w.s.m.m.a.ExceptionHandlerExceptionResolver - Resolved [javax.validation.ConstraintViolationException: commandIssuedList.list[0].imei: imei is not null, commandIssuedList.list[0].eqptType: eqptType is not null]
2020-10-28 11:31:08.037 [http-nio-8001-exec-8] WARN  o.s.w.s.m.m.a.ExceptionHandlerExceptionResolver - Resolved [javax.validation.ConstraintViolationException: commandIssuedList.list[0].imei: imei is not null, commandIssuedList.list[0].eqptType: eqptType is not null]
2020-10-28 11:31:08.540 [http-nio-8001-exec-7] WARN  o.s.w.s.m.m.a.ExceptionHandlerExceptionResolver - Resolved [javax.validation.ConstraintViolationException: commandIssuedList.list[0].eqptType: eqptType is not null, commandIssuedList.list[0].imei: imei is not null]
2020-10-28 11:31:08.932 [http-nio-8001-exec-6] WARN  o.s.w.s.m.m.a.ExceptionHandlerExceptionResolver - Resolved [javax.validation.ConstraintViolationException: commandIssuedList.list[0].eqptType: eqptType is not null, commandIssuedList.list[0].imei: imei is not null]
2020-10-28 11:31:11.064 [http-nio-8001-exec-3] WARN  o.s.w.s.m.m.a.ExceptionHandlerExceptionResolver - Resolved [javax.validation.ConstraintViolationException: commandIssuedList.list[0].eqptType: eqptType is not null, commandIssuedList.list[0].imei: imei is not null]
2020-10-28 11:31:11.420 [http-nio-8001-exec-4] WARN  o.s.w.s.m.m.a.ExceptionHandlerExceptionResolver - Resolved [javax.validation.ConstraintViolationException: commandIssuedList.list[0].imei: imei is not null, commandIssuedList.list[0].eqptType: eqptType is not null]
2020-10-28 11:31:11.776 [http-nio-8001-exec-1] WARN  o.s.w.s.m.m.a.ExceptionHandlerExceptionResolver - Resolved [javax.validation.ConstraintViolationException: commandIssuedList.list[0].eqptType: eqptType is not null, commandIssuedList.list[0].imei: imei is not null]
2020-10-28 11:31:12.291 [http-nio-8001-exec-2] WARN  o.s.w.s.m.m.a.ExceptionHandlerExceptionResolver - Resolved [javax.validation.ConstraintViolationException: commandIssuedList.list[0].imei: imei is not null, commandIssuedList.list[0].eqptType: eqptType is not null]
2020-10-28 11:31:12.533 [http-nio-8001-exec-5] WARN  o.s.w.s.m.m.a.ExceptionHandlerExceptionResolver - Resolved [javax.validation.ConstraintViolationException: commandIssuedList.list[0].imei: imei is not null, commandIssuedList.list[0].eqptType: eqptType is not null]
2020-10-28 11:31:12.758 [http-nio-8001-exec-9] WARN  o.s.w.s.m.m.a.ExceptionHandlerExceptionResolver - Resolved [javax.validation.ConstraintViolationException: commandIssuedList.list[0].eqptType: eqptType is not null, commandIssuedList.list[0].imei: imei is not null]
2020-10-28 11:32:07.435 [restartedMain] WARN  org.apache.tomcat.util.modeler.Registry - The MBean registry cannot be disabled because it has already been initialised
2020-10-28 11:32:23.357 [http-nio-8001-exec-1] WARN  o.s.w.s.m.m.a.ExceptionHandlerExceptionResolver - Resolved [java.lang.NullPointerException]
2020-10-28 11:32:29.158 [restartedMain] WARN  org.apache.tomcat.util.modeler.Registry - The MBean registry cannot be disabled because it has already been initialised
2020-10-28 11:32:36.276 [restartedMain] WARN  org.apache.tomcat.util.modeler.Registry - The MBean registry cannot be disabled because it has already been initialised
2020-10-28 11:32:41.350 [restartedMain] WARN  org.apache.tomcat.util.modeler.Registry - The MBean registry cannot be disabled because it has already been initialised
2020-10-28 11:33:27.229 [http-nio-8001-exec-8] WARN  o.s.w.s.m.m.a.ExceptionHandlerExceptionResolver - Resolved [javax.validation.ConstraintViolationException: commandIssuedList.list[0].imei: imei is not null, commandIssuedList.list[0].eqptType: eqptType is not null]
2020-10-28 11:33:27.398 [http-nio-8001-exec-10] WARN  o.s.w.s.m.m.a.ExceptionHandlerExceptionResolver - Resolved [javax.validation.ConstraintViolationException: commandIssuedList.list[0].imei: imei is not null, commandIssuedList.list[0].eqptType: eqptType is not null]
2020-10-28 11:33:27.581 [http-nio-8001-exec-4] WARN  o.s.w.s.m.m.a.ExceptionHandlerExceptionResolver - Resolved [javax.validation.ConstraintViolationException: commandIssuedList.list[0].imei: imei is not null, commandIssuedList.list[0].eqptType: eqptType is not null]
2020-10-28 11:33:27.734 [http-nio-8001-exec-9] WARN  o.s.w.s.m.m.a.ExceptionHandlerExceptionResolver - Resolved [javax.validation.ConstraintViolationException: commandIssuedList.list[0].eqptType: eqptType is not null, commandIssuedList.list[0].imei: imei is not null]
2020-10-28 11:34:45.561 [http-nio-8001-exec-7] WARN  o.s.w.s.m.m.a.ExceptionHandlerExceptionResolver - Resolved [org.mybatis.spring.MyBatisSystemException: nested exception is org.apache.ibatis.exceptions.PersistenceException: 
### Error querying database.  Cause: org.springframework.jdbc.CannotGetJdbcConnectionException: Failed to obtain JDBC Connection; nested exception is com.alibaba.druid.pool.DataSourceClosedException: dataSource already closed at Wed Oct 28 11:34:45 CST 2020
### The error may exist in file [C:\Users\cmx\git\SxxGDZB-customization\serverv2\target\classes\mapper\AlarmMapper.xml]
### The error may involve com.kiwihouse.dao.mapper.AlarmMapper.queryAlarm
### The error occurred while executing a query
### Cause: org.springframework.jdbc.CannotGetJdbcConnectionException: Failed to obtain JDBC Connection; nested exception is com.alibaba.druid.pool.DataSourceClosedException: dataSource already closed at Wed Oct 28 11:34:45 CST 2020]
2020-10-28 11:34:47.966 [restartedMain] WARN  org.apache.tomcat.util.modeler.Registry - The MBean registry cannot be disabled because it has already been initialised
2020-10-28 11:34:52.919 [http-nio-8001-exec-7] WARN  o.s.w.s.m.m.a.ExceptionHandlerExceptionResolver - Resolved [java.lang.NullPointerException]
2020-10-28 11:35:29.002 [http-nio-8001-exec-2] WARN  o.s.w.s.m.m.a.ExceptionHandlerExceptionResolver - Resolved [org.springframework.jdbc.BadSqlGrammarException: 
### Error querying database.  Cause: java.sql.SQLSyntaxErrorException: Unknown column 's.province' in 'where clause'
### The error may exist in file [C:\Users\cmx\git\SxxGDZB-customization\serverv2\target\classes\mapper\EquipmentMapper.xml]
### The error may involve defaultParameterMap
### The error occurred while setting parameters
### SQL: SELECT e.* FROM role_dev rd INNER JOIN equipment e on e.eqpt_id = rd.eqpt_id   INNER join `auth_user` as u on e.user_id=u.UID          WHERE FIND_IN_SET(rd.role_id, queryChildrenAreaInfo(?))                                                                                                             and s.province=?          GROUP BY e.imei          ORDER BY e.add_time desc                    limit ?,?
### Cause: java.sql.SQLSyntaxErrorException: Unknown column 's.province' in 'where clause'
; bad SQL grammar []; nested exception is java.sql.SQLSyntaxErrorException: Unknown column 's.province' in 'where clause']
2020-10-28 11:36:25.572 [http-nio-8001-exec-5] WARN  o.s.w.s.m.m.a.ExceptionHandlerExceptionResolver - Resolved [org.mybatis.spring.MyBatisSystemException: nested exception is org.apache.ibatis.exceptions.PersistenceException: 
### Error querying database.  Cause: org.springframework.jdbc.CannotGetJdbcConnectionException: Failed to obtain JDBC Connection; nested exception is com.alibaba.druid.pool.DataSourceClosedException: dataSource already closed at Wed Oct 28 11:36:25 CST 2020
### The error may exist in file [C:\Users\cmx\git\SxxGDZB-customization\serverv2\target\classes\mapper\AlarmMapper.xml]
### The error may involve com.kiwihouse.dao.mapper.AlarmMapper.queryAlarm
### The error occurred while executing a query
### Cause: org.springframework.jdbc.CannotGetJdbcConnectionException: Failed to obtain JDBC Connection; nested exception is com.alibaba.druid.pool.DataSourceClosedException: dataSource already closed at Wed Oct 28 11:36:25 CST 2020]
2020-10-28 11:36:27.410 [restartedMain] WARN  org.apache.tomcat.util.modeler.Registry - The MBean registry cannot be disabled because it has already been initialised
2020-10-28 11:36:43.220 [restartedMain] WARN  org.apache.tomcat.util.modeler.Registry - The MBean registry cannot be disabled because it has already been initialised
2020-10-28 11:42:47.932 [http-nio-8001-exec-8] WARN  o.s.w.s.m.m.a.ExceptionHandlerExceptionResolver - Resolved [javax.validation.ConstraintViolationException: commandIssuedList.list[0].imei: imei is not null, commandIssuedList.list[0].eqptType: eqptType is not null]
2020-10-28 11:42:48.104 [http-nio-8001-exec-3] WARN  o.s.w.s.m.m.a.ExceptionHandlerExceptionResolver - Resolved [javax.validation.ConstraintViolationException: commandIssuedList.list[0].eqptType: eqptType is not null, commandIssuedList.list[0].imei: imei is not null]
2020-10-28 11:42:48.262 [http-nio-8001-exec-1] WARN  o.s.w.s.m.m.a.ExceptionHandlerExceptionResolver - Resolved [javax.validation.ConstraintViolationException: commandIssuedList.list[0].eqptType: eqptType is not null, commandIssuedList.list[0].imei: imei is not null]
2020-10-28 11:44:35.408 [http-nio-8001-exec-4] WARN  o.s.w.s.m.m.a.ExceptionHandlerExceptionResolver - Resolved [org.springframework.web.method.annotation.MethodArgumentTypeMismatchException: Failed to convert value of type 'java.lang.String' to required type 'java.lang.Integer'; nested exception is java.lang.NumberFormatException: For input string: "null"]
2020-10-28 11:45:55.492 [http-nio-8001-exec-8] WARN  o.s.w.s.m.m.a.ExceptionHandlerExceptionResolver - Resolved [javax.validation.ConstraintViolationException: commandIssuedList.list[0].eqptType: eqptType is not null, commandIssuedList.list[0].imei: imei is not null]
2020-10-28 11:45:56.219 [http-nio-8001-exec-6] WARN  o.s.w.s.m.m.a.ExceptionHandlerExceptionResolver - Resolved [javax.validation.ConstraintViolationException: commandIssuedList.list[0].imei: imei is not null, commandIssuedList.list[0].eqptType: eqptType is not null]
2020-10-28 11:45:56.357 [http-nio-8001-exec-5] WARN  o.s.w.s.m.m.a.ExceptionHandlerExceptionResolver - Resolved [javax.validation.ConstraintViolationException: commandIssuedList.list[0].eqptType: eqptType is not null, commandIssuedList.list[0].imei: imei is not null]
2020-10-28 11:46:13.204 [http-nio-8001-exec-6] WARN  o.s.w.s.m.m.a.ExceptionHandlerExceptionResolver - Resolved [javax.validation.ConstraintViolationException: commandIssuedList.list[0].eqptType: eqptType is not null, commandIssuedList.list[0].imei: imei is not null]
2020-10-28 11:46:13.395 [http-nio-8001-exec-8] WARN  o.s.w.s.m.m.a.ExceptionHandlerExceptionResolver - Resolved [javax.validation.ConstraintViolationException: commandIssuedList.list[0].imei: imei is not null, commandIssuedList.list[0].eqptType: eqptType is not null]
2020-10-28 11:46:13.554 [http-nio-8001-exec-1] WARN  o.s.w.s.m.m.a.ExceptionHandlerExceptionResolver - Resolved [javax.validation.ConstraintViolationException: commandIssuedList.list[0].imei: imei is not null, commandIssuedList.list[0].eqptType: eqptType is not null]
2020-10-28 11:47:56.689 [http-nio-8001-exec-3] WARN  o.s.w.s.m.m.a.ExceptionHandlerExceptionResolver - Resolved [javax.validation.ConstraintViolationException: commandIssuedList.list[0].imei: imei is not null, commandIssuedList.list[0].eqptType: eqptType is not null]
2020-10-28 11:47:56.875 [http-nio-8001-exec-7] WARN  o.s.w.s.m.m.a.ExceptionHandlerExceptionResolver - Resolved [javax.validation.ConstraintViolationException: commandIssuedList.list[0].eqptType: eqptType is not null, commandIssuedList.list[0].imei: imei is not null]
2020-10-28 11:47:57.063 [http-nio-8001-exec-4] WARN  o.s.w.s.m.m.a.ExceptionHandlerExceptionResolver - Resolved [javax.validation.ConstraintViolationException: commandIssuedList.list[0].imei: imei is not null, commandIssuedList.list[0].eqptType: eqptType is not null]
2020-10-28 11:47:57.239 [http-nio-8001-exec-6] WARN  o.s.w.s.m.m.a.ExceptionHandlerExceptionResolver - Resolved [javax.validation.ConstraintViolationException: commandIssuedList.list[0].eqptType: eqptType is not null, commandIssuedList.list[0].imei: imei is not null]
2020-10-28 11:47:59.086 [http-nio-8001-exec-9] WARN  o.s.w.s.m.m.a.ExceptionHandlerExceptionResolver - Resolved [javax.validation.ConstraintViolationException: commandIssuedList.list[0].imei: imei is not null, commandIssuedList.list[0].eqptType: eqptType is not null]
2020-10-28 11:47:59.267 [http-nio-8001-exec-2] WARN  o.s.w.s.m.m.a.ExceptionHandlerExceptionResolver - Resolved [javax.validation.ConstraintViolationException: commandIssuedList.list[0].eqptType: eqptType is not null, commandIssuedList.list[0].imei: imei is not null]
2020-10-28 11:48:06.365 [http-nio-8001-exec-1] WARN  o.s.w.s.m.m.a.ExceptionHandlerExceptionResolver - Resolved [javax.validation.ConstraintViolationException: commandIssuedList.list[0].eqptType: eqptType is not null, commandIssuedList.list[0].imei: imei is not null]
2020-10-28 11:48:06.548 [http-nio-8001-exec-10] WARN  o.s.w.s.m.m.a.ExceptionHandlerExceptionResolver - Resolved [javax.validation.ConstraintViolationException: commandIssuedList.list[0].imei: imei is not null, commandIssuedList.list[0].eqptType: eqptType is not null]
2020-10-28 11:48:06.748 [http-nio-8001-exec-3] WARN  o.s.w.s.m.m.a.ExceptionHandlerExceptionResolver - Resolved [javax.validation.ConstraintViolationException: commandIssuedList.list[0].imei: imei is not null, commandIssuedList.list[0].eqptType: eqptType is not null]
2020-10-28 11:48:08.790 [http-nio-8001-exec-7] WARN  o.s.w.s.m.m.a.ExceptionHandlerExceptionResolver - Resolved [javax.validation.ConstraintViolationException: commandIssuedList.list[0].eqptType: eqptType is not null, commandIssuedList.list[0].imei: imei is not null]
2020-10-28 11:48:08.996 [http-nio-8001-exec-4] WARN  o.s.w.s.m.m.a.ExceptionHandlerExceptionResolver - Resolved [javax.validation.ConstraintViolationException: commandIssuedList.list[0].imei: imei is not null, commandIssuedList.list[0].eqptType: eqptType is not null]
2020-10-28 11:48:09.221 [http-nio-8001-exec-6] WARN  o.s.w.s.m.m.a.ExceptionHandlerExceptionResolver - Resolved [javax.validation.ConstraintViolationException: commandIssuedList.list[0].eqptType: eqptType is not null, commandIssuedList.list[0].imei: imei is not null]
2020-10-28 11:48:09.419 [http-nio-8001-exec-9] WARN  o.s.w.s.m.m.a.ExceptionHandlerExceptionResolver - Resolved [javax.validation.ConstraintViolationException: commandIssuedList.list[0].imei: imei is not null, commandIssuedList.list[0].eqptType: eqptType is not null]
2020-10-28 11:48:09.611 [http-nio-8001-exec-2] WARN  o.s.w.s.m.m.a.ExceptionHandlerExceptionResolver - Resolved [javax.validation.ConstraintViolationException: commandIssuedList.list[0].eqptType: eqptType is not null, commandIssuedList.list[0].imei: imei is not null]
2020-10-28 11:48:11.526 [http-nio-8001-exec-8] WARN  o.s.w.s.m.m.a.ExceptionHandlerExceptionResolver - Resolved [javax.validation.ConstraintViolationException: commandIssuedList.list[0].imei: imei is not null, commandIssuedList.list[0].eqptType: eqptType is not null]
2020-10-28 11:48:11.755 [http-nio-8001-exec-5] WARN  o.s.w.s.m.m.a.ExceptionHandlerExceptionResolver - Resolved [javax.validation.ConstraintViolationException: commandIssuedList.list[0].imei: imei is not null, commandIssuedList.list[0].eqptType: eqptType is not null]
2020-10-28 11:48:11.938 [http-nio-8001-exec-1] WARN  o.s.w.s.m.m.a.ExceptionHandlerExceptionResolver - Resolved [javax.validation.ConstraintViolationException: commandIssuedList.list[0].eqptType: eqptType is not null, commandIssuedList.list[0].imei: imei is not null]
2020-10-28 11:48:12.117 [http-nio-8001-exec-10] WARN  o.s.w.s.m.m.a.ExceptionHandlerExceptionResolver - Resolved [javax.validation.ConstraintViolationException: commandIssuedList.list[0].imei: imei is not null, commandIssuedList.list[0].eqptType: eqptType is not null]
2020-10-28 11:48:20.901 [http-nio-8001-exec-2] WARN  o.s.w.s.m.m.a.ExceptionHandlerExceptionResolver - Resolved [javax.validation.ConstraintViolationException: commandIssuedList.list[0].imei: imei is not null, commandIssuedList.list[0].eqptType: eqptType is not null]
2020-10-28 11:48:21.086 [http-nio-8001-exec-8] WARN  o.s.w.s.m.m.a.ExceptionHandlerExceptionResolver - Resolved [javax.validation.ConstraintViolationException: commandIssuedList.list[0].eqptType: eqptType is not null, commandIssuedList.list[0].imei: imei is not null]
2020-10-28 11:48:21.276 [http-nio-8001-exec-5] WARN  o.s.w.s.m.m.a.ExceptionHandlerExceptionResolver - Resolved [javax.validation.ConstraintViolationException: commandIssuedList.list[0].imei: imei is not null, commandIssuedList.list[0].eqptType: eqptType is not null]
2020-10-28 11:48:21.461 [http-nio-8001-exec-1] WARN  o.s.w.s.m.m.a.ExceptionHandlerExceptionResolver - Resolved [javax.validation.ConstraintViolationException: commandIssuedList.list[0].imei: imei is not null, commandIssuedList.list[0].eqptType: eqptType is not null]
2020-10-28 11:48:21.743 [http-nio-8001-exec-10] WARN  o.s.w.s.m.m.a.ExceptionHandlerExceptionResolver - Resolved [javax.validation.ConstraintViolationException: commandIssuedList.list[0].eqptType: eqptType is not null, commandIssuedList.list[0].imei: imei is not null]
2020-10-28 11:48:22.973 [http-nio-8001-exec-6] WARN  o.s.w.s.m.m.a.ExceptionHandlerExceptionResolver - Resolved [javax.validation.ConstraintViolationException: commandIssuedList.list[0].imei: imei is not null, commandIssuedList.list[0].eqptType: eqptType is not null]
2020-10-28 11:48:23.164 [http-nio-8001-exec-4] WARN  o.s.w.s.m.m.a.ExceptionHandlerExceptionResolver - Resolved [javax.validation.ConstraintViolationException: commandIssuedList.list[0].eqptType: eqptType is not null, commandIssuedList.list[0].imei: imei is not null]
2020-10-28 11:48:24.452 [http-nio-8001-exec-3] WARN  o.s.w.s.m.m.a.ExceptionHandlerExceptionResolver - Resolved [javax.validation.ConstraintViolationException: commandIssuedList.list[0].eqptType: eqptType is not null, commandIssuedList.list[0].imei: imei is not null]
2020-10-28 11:48:24.616 [http-nio-8001-exec-7] WARN  o.s.w.s.m.m.a.ExceptionHandlerExceptionResolver - Resolved [javax.validation.ConstraintViolationException: commandIssuedList.list[0].eqptType: eqptType is not null, commandIssuedList.list[0].imei: imei is not null]
2020-10-28 11:48:24.765 [http-nio-8001-exec-2] WARN  o.s.w.s.m.m.a.ExceptionHandlerExceptionResolver - Resolved [javax.validation.ConstraintViolationException: commandIssuedList.list[0].imei: imei is not null, commandIssuedList.list[0].eqptType: eqptType is not null]
2020-10-28 11:49:06.296 [http-nio-8001-exec-3] WARN  o.s.w.s.m.m.a.ExceptionHandlerExceptionResolver - Resolved [javax.validation.ConstraintViolationException: commandIssuedList.list[0].eqptType: eqptType is not null, commandIssuedList.list[0].imei: imei is not null]
2020-10-28 11:49:06.487 [http-nio-8001-exec-7] WARN  o.s.w.s.m.m.a.ExceptionHandlerExceptionResolver - Resolved [javax.validation.ConstraintViolationException: commandIssuedList.list[0].eqptType: eqptType is not null, commandIssuedList.list[0].imei: imei is not null]
2020-10-28 11:49:06.688 [http-nio-8001-exec-8] WARN  o.s.w.s.m.m.a.ExceptionHandlerExceptionResolver - Resolved [javax.validation.ConstraintViolationException: commandIssuedList.list[0].imei: imei is not null, commandIssuedList.list[0].eqptType: eqptType is not null]
2020-10-28 11:49:06.848 [http-nio-8001-exec-4] WARN  o.s.w.s.m.m.a.ExceptionHandlerExceptionResolver - Resolved [javax.validation.ConstraintViolationException: commandIssuedList.list[0].eqptType: eqptType is not null, commandIssuedList.list[0].imei: imei is not null]
2020-10-28 11:49:07.006 [http-nio-8001-exec-9] WARN  o.s.w.s.m.m.a.ExceptionHandlerExceptionResolver - Resolved [javax.validation.ConstraintViolationException: commandIssuedList.list[0].eqptType: eqptType is not null, commandIssuedList.list[0].imei: imei is not null]
2020-10-28 11:49:07.166 [http-nio-8001-exec-5] WARN  o.s.w.s.m.m.a.ExceptionHandlerExceptionResolver - Resolved [javax.validation.ConstraintViolationException: commandIssuedList.list[0].imei: imei is not null, commandIssuedList.list[0].eqptType: eqptType is not null]
2020-10-28 11:49:07.319 [http-nio-8001-exec-6] WARN  o.s.w.s.m.m.a.ExceptionHandlerExceptionResolver - Resolved [javax.validation.ConstraintViolationException: commandIssuedList.list[0].imei: imei is not null, commandIssuedList.list[0].eqptType: eqptType is not null]
2020-10-28 11:49:07.477 [http-nio-8001-exec-2] WARN  o.s.w.s.m.m.a.ExceptionHandlerExceptionResolver - Resolved [javax.validation.ConstraintViolationException: commandIssuedList.list[0].imei: imei is not null, commandIssuedList.list[0].eqptType: eqptType is not null]
2020-10-28 11:49:07.638 [http-nio-8001-exec-1] WARN  o.s.w.s.m.m.a.ExceptionHandlerExceptionResolver - Resolved [javax.validation.ConstraintViolationException: commandIssuedList.list[0].imei: imei is not null, commandIssuedList.list[0].eqptType: eqptType is not null]
2020-10-28 11:49:07.805 [http-nio-8001-exec-10] WARN  o.s.w.s.m.m.a.ExceptionHandlerExceptionResolver - Resolved [javax.validation.ConstraintViolationException: commandIssuedList.list[0].eqptType: eqptType is not null, commandIssuedList.list[0].imei: imei is not null]
2020-10-28 11:49:07.998 [http-nio-8001-exec-3] WARN  o.s.w.s.m.m.a.ExceptionHandlerExceptionResolver - Resolved [javax.validation.ConstraintViolationException: commandIssuedList.list[0].eqptType: eqptType is not null, commandIssuedList.list[0].imei: imei is not null]
2020-10-28 11:49:08.166 [http-nio-8001-exec-7] WARN  o.s.w.s.m.m.a.ExceptionHandlerExceptionResolver - Resolved [javax.validation.ConstraintViolationException: commandIssuedList.list[0].imei: imei is not null, commandIssuedList.list[0].eqptType: eqptType is not null]
2020-10-28 11:49:08.318 [http-nio-8001-exec-8] WARN  o.s.w.s.m.m.a.ExceptionHandlerExceptionResolver - Resolved [javax.validation.ConstraintViolationException: commandIssuedList.list[0].eqptType: eqptType is not null, commandIssuedList.list[0].imei: imei is not null]
2020-10-28 11:49:08.502 [http-nio-8001-exec-4] WARN  o.s.w.s.m.m.a.ExceptionHandlerExceptionResolver - Resolved [javax.validation.ConstraintViolationException: commandIssuedList.list[0].eqptType: eqptType is not null, commandIssuedList.list[0].imei: imei is not null]
2020-10-28 11:49:08.787 [http-nio-8001-exec-9] WARN  o.s.w.s.m.m.a.ExceptionHandlerExceptionResolver - Resolved [javax.validation.ConstraintViolationException: commandIssuedList.list[0].eqptType: eqptType is not null, commandIssuedList.list[0].imei: imei is not null]
2020-10-28 11:49:08.955 [http-nio-8001-exec-5] WARN  o.s.w.s.m.m.a.ExceptionHandlerExceptionResolver - Resolved [javax.validation.ConstraintViolationException: commandIssuedList.list[0].eqptType: eqptType is not null, commandIssuedList.list[0].imei: imei is not null]
2020-10-28 11:51:50.695 [http-nio-8001-exec-5] WARN  o.s.w.s.m.m.a.ExceptionHandlerExceptionResolver - Resolved [javax.validation.ConstraintViolationException: commandIssuedList.list[0].eqptType: eqptType is not null, commandIssuedList.list[0].imei: imei is not null]
2020-10-28 11:51:50.884 [http-nio-8001-exec-4] WARN  o.s.w.s.m.m.a.ExceptionHandlerExceptionResolver - Resolved [javax.validation.ConstraintViolationException: commandIssuedList.list[0].imei: imei is not null, commandIssuedList.list[0].eqptType: eqptType is not null]
2020-10-28 11:51:51.064 [http-nio-8001-exec-9] WARN  o.s.w.s.m.m.a.ExceptionHandlerExceptionResolver - Resolved [javax.validation.ConstraintViolationException: commandIssuedList.list[0].imei: imei is not null, commandIssuedList.list[0].eqptType: eqptType is not null]
2020-10-28 11:51:51.242 [http-nio-8001-exec-10] WARN  o.s.w.s.m.m.a.ExceptionHandlerExceptionResolver - Resolved [javax.validation.ConstraintViolationException: commandIssuedList.list[0].eqptType: eqptType is not null, commandIssuedList.list[0].imei: imei is not null]
2020-10-28 12:48:34.826 [http-nio-8001-exec-7] WARN  o.s.w.s.m.m.a.ExceptionHandlerExceptionResolver - Resolved [java.lang.NullPointerException]
2020-10-28 13:28:33.398 [restartedMain] WARN  org.apache.tomcat.util.modeler.Registry - The MBean registry cannot be disabled because it has already been initialised
2020-10-28 13:28:45.568 [restartedMain] WARN  org.apache.tomcat.util.modeler.Registry - The MBean registry cannot be disabled because it has already been initialised
2020-10-28 13:39:09.812 [restartedMain] WARN  org.apache.tomcat.util.modeler.Registry - The MBean registry cannot be disabled because it has already been initialised
2020-10-28 13:39:19.309 [restartedMain] WARN  org.apache.tomcat.util.modeler.Registry - The MBean registry cannot be disabled because it has already been initialised
2020-10-28 13:41:42.400 [restartedMain] WARN  org.apache.tomcat.util.modeler.Registry - The MBean registry cannot be disabled because it has already been initialised
2020-10-28 13:42:00.369 [restartedMain] WARN  org.apache.tomcat.util.modeler.Registry - The MBean registry cannot be disabled because it has already been initialised
2020-10-28 13:45:59.568 [restartedMain] WARN  org.apache.tomcat.util.modeler.Registry - The MBean registry cannot be disabled because it has already been initialised
2020-10-28 13:46:06.853 [restartedMain] WARN  org.apache.tomcat.util.modeler.Registry - The MBean registry cannot be disabled because it has already been initialised
2020-10-28 13:48:31.996 [restartedMain] WARN  org.apache.tomcat.util.modeler.Registry - The MBean registry cannot be disabled because it has already been initialised
2020-10-28 13:48:51.423 [restartedMain] WARN  org.apache.tomcat.util.modeler.Registry - The MBean registry cannot be disabled because it has already been initialised
2020-10-28 13:49:09.750 [restartedMain] WARN  org.apache.tomcat.util.modeler.Registry - The MBean registry cannot be disabled because it has already been initialised
2020-10-28 13:50:54.793 [restartedMain] WARN  org.apache.tomcat.util.modeler.Registry - The MBean registry cannot be disabled because it has already been initialised
2020-10-28 13:51:00.746 [http-nio-8001-exec-4] WARN  o.s.w.s.m.m.a.ExceptionHandlerExceptionResolver - Resolved [java.util.ConcurrentModificationException]
2020-10-28 13:51:24.622 [restartedMain] WARN  org.apache.tomcat.util.modeler.Registry - The MBean registry cannot be disabled because it has already been initialised
2020-10-28 13:51:30.074 [http-nio-8001-exec-9] WARN  o.s.w.s.m.m.a.ExceptionHandlerExceptionResolver - Resolved [java.util.ConcurrentModificationException]
2020-10-28 13:52:21.085 [restartedMain] WARN  org.apache.tomcat.util.modeler.Registry - The MBean registry cannot be disabled because it has already been initialised
2020-10-28 14:27:09.569 [http-nio-8001-exec-4] WARN  o.s.w.s.m.m.a.ExceptionHandlerExceptionResolver - Resolved [org.springframework.web.method.annotation.MethodArgumentTypeMismatchException: Failed to convert value of type 'java.lang.String' to required type 'java.lang.Integer'; nested exception is java.lang.NumberFormatException: For input string: "null"]
2020-10-28 14:29:37.710 [http-nio-8001-exec-1] WARN  o.s.w.s.m.m.a.ExceptionHandlerExceptionResolver - Resolved [org.springframework.web.method.annotation.MethodArgumentTypeMismatchException: Failed to convert value of type 'java.lang.String' to required type 'java.lang.Integer'; nested exception is java.lang.NumberFormatException: For input string: "null"]
2020-10-28 14:30:48.908 [http-nio-8001-exec-7] WARN  o.s.w.s.m.m.a.ExceptionHandlerExceptionResolver - Resolved [org.springframework.web.method.annotation.MethodArgumentTypeMismatchException: Failed to convert value of type 'java.lang.String' to required type 'java.lang.Integer'; nested exception is java.lang.NumberFormatException: For input string: "null"]
2020-10-28 14:43:50.603 [http-nio-8001-exec-5] WARN  o.s.w.s.m.m.a.ExceptionHandlerExceptionResolver - Resolved [org.springframework.web.method.annotation.MethodArgumentTypeMismatchException: Failed to convert value of type 'java.lang.String' to required type 'java.lang.Integer'; nested exception is java.lang.NumberFormatException: For input string: "null"]
2020-10-28 14:52:59.632 [restartedMain] WARN  org.apache.tomcat.util.modeler.Registry - The MBean registry cannot be disabled because it has already been initialised
2020-10-28 14:53:15.965 [restartedMain] WARN  org.apache.tomcat.util.modeler.Registry - The MBean registry cannot be disabled because it has already been initialised
2020-10-28 14:53:22.843 [restartedMain] WARN  org.apache.tomcat.util.modeler.Registry - The MBean registry cannot be disabled because it has already been initialised
2020-10-28 14:53:39.740 [restartedMain] WARN  org.apache.tomcat.util.modeler.Registry - The MBean registry cannot be disabled because it has already been initialised
2020-10-28 14:53:53.886 [restartedMain] WARN  org.apache.tomcat.util.modeler.Registry - The MBean registry cannot be disabled because it has already been initialised
2020-10-28 14:53:55.982 [http-nio-8001-exec-4] WARN  o.s.w.s.m.m.a.ExceptionHandlerExceptionResolver - Resolved [org.springframework.dao.DuplicateKeyException: 
### Error updating database.  Cause: java.sql.SQLIntegrityConstraintViolationException: Duplicate entry '867126051372840' for key 'equipment_eqpt_sn_uindex'
### The error may exist in file [C:\Users\cmx\git\SxxGDZB-customization\serverv2\target\classes\mapper\EquipmentMapper.xml]
### The error may involve com.kiwihouse.dao.mapper.EquipmentMapper.addInfo-Inline
### The error occurred while setting parameters
### SQL: insert into equipment          ( eqpt_name,eqpt_sn,imei,eqpt_type,add_time,                              role_id,                                                        group_id,                                                                                  user_id,                                                        register,                                                                                                                                      province,                                           city,                                           district )           values ( ?,?,?,?,NOW(),                              ?,                                                        ?,                                                                                  ?,                                                        ?,                                                                                                                                      ?,                                           ?,                                           ? )
### Cause: java.sql.SQLIntegrityConstraintViolationException: Duplicate entry '867126051372840' for key 'equipment_eqpt_sn_uindex'
; Duplicate entry '867126051372840' for key 'equipment_eqpt_sn_uindex'; nested exception is java.sql.SQLIntegrityConstraintViolationException: Duplicate entry '867126051372840' for key 'equipment_eqpt_sn_uindex']
2020-10-28 14:58:47.387 [http-nio-8001-exec-7] WARN  o.s.w.s.m.m.a.ExceptionHandlerExceptionResolver - Resolved [org.springframework.web.method.annotation.MethodArgumentTypeMismatchException: Failed to convert value of type 'java.lang.String' to required type 'java.lang.Integer'; nested exception is java.lang.NumberFormatException: For input string: "null"]
2020-10-28 15:04:30.510 [restartedMain] WARN  org.apache.tomcat.util.modeler.Registry - The MBean registry cannot be disabled because it has already been initialised
2020-10-28 15:04:42.830 [restartedMain] WARN  org.apache.tomcat.util.modeler.Registry - The MBean registry cannot be disabled because it has already been initialised
2020-10-28 16:07:53.821 [restartedMain] WARN  o.s.b.d.autoconfigure.OptionalLiveReloadServer - Unable to start LiveReload server
2020-10-28 16:13:08.836 [http-nio-8001-exec-7] WARN  o.s.w.s.m.m.a.ExceptionHandlerExceptionResolver - Resolved [com.alibaba.fastjson.JSONException: syntax error, expect [, actual float, pos 0]
2020-10-28 16:13:23.597 [http-nio-8001-exec-2] WARN  o.s.w.s.m.m.a.ExceptionHandlerExceptionResolver - Resolved [com.alibaba.fastjson.JSONException: syntax error, expect [, actual float, pos 0]
2020-10-28 16:14:47.610 [http-nio-8001-exec-6] WARN  o.s.w.s.m.m.a.ExceptionHandlerExceptionResolver - Resolved [com.alibaba.fastjson.JSONException: syntax error, expect [, actual float, pos 0]
2020-10-28 16:18:51.754 [http-nio-8001-exec-9] WARN  o.s.w.s.m.m.a.ExceptionHandlerExceptionResolver - Resolved [com.alibaba.fastjson.JSONException: syntax error, expect [, actual float, pos 0]
2020-10-28 16:19:10.565 [http-nio-8001-exec-7] WARN  o.s.w.s.m.m.a.ExceptionHandlerExceptionResolver - Resolved [com.alibaba.fastjson.JSONException: syntax error, expect [, actual float, pos 0]
2020-10-28 16:19:41.736 [http-nio-8001-exec-2] WARN  o.s.w.s.m.m.a.ExceptionHandlerExceptionResolver - Resolved [com.alibaba.fastjson.JSONException: syntax error, expect [, actual float, pos 0]
2020-10-28 16:20:37.597 [http-nio-8001-exec-1] WARN  o.s.w.s.m.m.a.ExceptionHandlerExceptionResolver - Resolved [com.alibaba.fastjson.JSONException: syntax error, expect [, actual float, pos 0]
2020-10-28 16:21:21.985 [http-nio-8001-exec-9] WARN  o.s.w.s.m.m.a.ExceptionHandlerExceptionResolver - Resolved [com.alibaba.fastjson.JSONException: syntax error, expect [, actual float, pos 0]
2020-10-28 16:21:37.006 [http-nio-8001-exec-9] WARN  o.s.w.s.m.m.a.ExceptionHandlerExceptionResolver - Resolved [org.springframework.web.method.annotation.MethodArgumentTypeMismatchException: Failed to convert value of type 'java.lang.String' to required type 'java.lang.Integer'; nested exception is java.lang.NumberFormatException: For input string: "null"]
2020-10-28 16:21:37.304 [http-nio-8001-exec-6] WARN  o.s.w.s.m.m.a.ExceptionHandlerExceptionResolver - Resolved [com.alibaba.fastjson.JSONException: syntax error, expect [, actual float, pos 0]
2020-10-28 16:21:39.961 [http-nio-8001-exec-10] WARN  o.s.w.s.m.m.a.ExceptionHandlerExceptionResolver - Resolved [com.alibaba.fastjson.JSONException: syntax error, expect [, actual float, pos 0]
2020-10-28 16:21:40.335 [http-nio-8001-exec-3] WARN  o.s.w.s.m.m.a.ExceptionHandlerExceptionResolver - Resolved [com.alibaba.fastjson.JSONException: syntax error, expect [, actual float, pos 0]
2020-10-28 16:21:40.657 [http-nio-8001-exec-5] WARN  o.s.w.s.m.m.a.ExceptionHandlerExceptionResolver - Resolved [com.alibaba.fastjson.JSONException: syntax error, expect [, actual float, pos 0]
2020-10-28 16:21:50.236 [http-nio-8001-exec-7] WARN  o.s.w.s.m.m.a.ExceptionHandlerExceptionResolver - Resolved [com.alibaba.fastjson.JSONException: syntax error, expect [, actual float, pos 0]
2020-10-28 16:34:02.160 [http-nio-8001-exec-9] WARN  o.s.w.s.m.m.a.ExceptionHandlerExceptionResolver - Resolved [com.alibaba.fastjson.JSONException: syntax error, expect [, actual float, pos 0]
2020-10-28 16:34:11.831 [http-nio-8001-exec-2] WARN  o.s.w.s.m.m.a.ExceptionHandlerExceptionResolver - Resolved [com.alibaba.fastjson.JSONException: syntax error, expect [, actual float, pos 0]
2020-10-28 16:34:41.712 [http-nio-8001-exec-3] WARN  o.s.w.s.m.m.a.ExceptionHandlerExceptionResolver - Resolved [com.alibaba.fastjson.JSONException: syntax error, expect [, actual float, pos 0]
2020-10-28 16:36:31.751 [http-nio-8001-exec-10] WARN  o.s.w.s.m.m.a.ExceptionHandlerExceptionResolver - Resolved [org.springframework.web.method.annotation.MethodArgumentTypeMismatchException: Failed to convert value of type 'java.lang.String' to required type 'java.lang.Integer'; nested exception is java.lang.NumberFormatException: For input string: "null"]
2020-10-28 16:36:32.042 [http-nio-8001-exec-4] WARN  o.s.w.s.m.m.a.ExceptionHandlerExceptionResolver - Resolved [com.alibaba.fastjson.JSONException: syntax error, expect [, actual float, pos 0]
2020-10-28 16:37:08.726 [http-nio-8001-exec-6] WARN  o.s.w.s.m.m.a.ExceptionHandlerExceptionResolver - Resolved [com.alibaba.fastjson.JSONException: syntax error, expect [, actual float, pos 0]
2020-10-28 16:40:49.125 [http-nio-8001-exec-3] WARN  o.s.w.s.m.m.a.ExceptionHandlerExceptionResolver - Resolved [com.alibaba.fastjson.JSONException: syntax error, expect [, actual float, pos 0]
