2020-10-26 08:59:41.182 [restartedMain] WARN  org.apache.tomcat.util.modeler.Registry - The MBean registry cannot be disabled because it has already been initialised
2020-10-26 09:02:59.372 [restartedMain] WARN  org.apache.tomcat.util.modeler.Registry - The MBean registry cannot be disabled because it has already been initialised
2020-10-26 09:03:12.955 [restartedMain] WARN  org.apache.tomcat.util.modeler.Registry - The MBean registry cannot be disabled because it has already been initialised
2020-10-26 09:19:41.439 [restartedMain] WARN  org.apache.tomcat.util.modeler.Registry - The MBean registry cannot be disabled because it has already been initialised
2020-10-26 09:21:42.016 [restartedMain] WARN  org.apache.tomcat.util.modeler.Registry - The MBean registry cannot be disabled because it has already been initialised
2020-10-26 09:21:48.705 [restartedMain] WARN  org.apache.tomcat.util.modeler.Registry - The MBean registry cannot be disabled because it has already been initialised
2020-10-26 09:29:08.975 [restartedMain] WARN  org.apache.tomcat.util.modeler.Registry - The MBean registry cannot be disabled because it has already been initialised
2020-10-26 09:30:41.122 [restartedMain] WARN  org.apache.tomcat.util.modeler.Registry - The MBean registry cannot be disabled because it has already been initialised
2020-10-26 09:32:55.612 [restartedMain] WARN  org.apache.tomcat.util.modeler.Registry - The MBean registry cannot be disabled because it has already been initialised
2020-10-26 09:33:33.090 [restartedMain] WARN  org.apache.tomcat.util.modeler.Registry - The MBean registry cannot be disabled because it has already been initialised
2020-10-26 09:35:24.329 [restartedMain] WARN  org.apache.tomcat.util.modeler.Registry - The MBean registry cannot be disabled because it has already been initialised
2020-10-26 09:35:31.804 [restartedMain] WARN  org.apache.tomcat.util.modeler.Registry - The MBean registry cannot be disabled because it has already been initialised
2020-10-26 09:46:13.993 [restartedMain] WARN  org.apache.tomcat.util.modeler.Registry - The MBean registry cannot be disabled because it has already been initialised
2020-10-26 09:46:25.750 [http-nio-8001-exec-4] WARN  o.s.w.s.m.support.DefaultHandlerExceptionResolver - Resolved [org.springframework.validation.BindException: org.springframework.validation.BeanPropertyBindingResult: 1 errors
Field error in object 'buttons' on field 'menuId': rejected value [null]; codes [typeMismatch.buttons.menuId,typeMismatch.menuId,typeMismatch.java.lang.Integer,typeMismatch]; arguments [org.springframework.context.support.DefaultMessageSourceResolvable: codes [buttons.menuId,menuId]; arguments []; default message [menuId]]; default message [Failed to convert property value of type 'java.lang.String' to required type 'java.lang.Integer' for property 'menuId'; nested exception is java.lang.NumberFormatException: For input string: "null"]]
2020-10-26 09:46:26.479 [http-nio-8001-exec-3] WARN  o.s.w.s.m.support.DefaultHandlerExceptionResolver - Resolved [org.springframework.validation.BindException: org.springframework.validation.BeanPropertyBindingResult: 1 errors
Field error in object 'buttons' on field 'menuId': rejected value [null]; codes [typeMismatch.buttons.menuId,typeMismatch.menuId,typeMismatch.java.lang.Integer,typeMismatch]; arguments [org.springframework.context.support.DefaultMessageSourceResolvable: codes [buttons.menuId,menuId]; arguments []; default message [menuId]]; default message [Failed to convert property value of type 'java.lang.String' to required type 'java.lang.Integer' for property 'menuId'; nested exception is java.lang.NumberFormatException: For input string: "null"]]
2020-10-26 09:47:13.726 [http-nio-8001-exec-4] WARN  o.s.w.s.m.support.DefaultHandlerExceptionResolver - Resolved [org.springframework.validation.BindException: org.springframework.validation.BeanPropertyBindingResult: 1 errors
Field error in object 'buttons' on field 'menuId': rejected value [null]; codes [typeMismatch.buttons.menuId,typeMismatch.menuId,typeMismatch.java.lang.Integer,typeMismatch]; arguments [org.springframework.context.support.DefaultMessageSourceResolvable: codes [buttons.menuId,menuId]; arguments []; default message [menuId]]; default message [Failed to convert property value of type 'java.lang.String' to required type 'java.lang.Integer' for property 'menuId'; nested exception is java.lang.NumberFormatException: For input string: "null"]]
2020-10-26 09:48:03.120 [http-nio-8001-exec-2] WARN  o.s.w.s.m.support.DefaultHandlerExceptionResolver - Resolved [org.springframework.validation.BindException: org.springframework.validation.BeanPropertyBindingResult: 1 errors
Field error in object 'buttons' on field 'menuId': rejected value [null]; codes [typeMismatch.buttons.menuId,typeMismatch.menuId,typeMismatch.java.lang.Integer,typeMismatch]; arguments [org.springframework.context.support.DefaultMessageSourceResolvable: codes [buttons.menuId,menuId]; arguments []; default message [menuId]]; default message [Failed to convert property value of type 'java.lang.String' to required type 'java.lang.Integer' for property 'menuId'; nested exception is java.lang.NumberFormatException: For input string: "null"]]
2020-10-26 09:50:41.569 [restartedMain] WARN  org.apache.tomcat.util.modeler.Registry - The MBean registry cannot be disabled because it has already been initialised
2020-10-26 09:51:00.887 [restartedMain] WARN  org.apache.tomcat.util.modeler.Registry - The MBean registry cannot be disabled because it has already been initialised
2020-10-26 09:51:12.609 [restartedMain] WARN  org.apache.tomcat.util.modeler.Registry - The MBean registry cannot be disabled because it has already been initialised
2020-10-26 09:51:26.611 [http-nio-8001-exec-8] WARN  o.s.w.s.m.support.DefaultHandlerExceptionResolver - Resolved [org.springframework.validation.BindException: org.springframework.validation.BeanPropertyBindingResult: 1 errors
Field error in object 'buttons' on field 'menuId': rejected value [null]; codes [typeMismatch.buttons.menuId,typeMismatch.menuId,typeMismatch.java.lang.Integer,typeMismatch]; arguments [org.springframework.context.support.DefaultMessageSourceResolvable: codes [buttons.menuId,menuId]; arguments []; default message [menuId]]; default message [Failed to convert property value of type 'java.lang.String' to required type 'java.lang.Integer' for property 'menuId'; nested exception is java.lang.NumberFormatException: For input string: "null"]]
2020-10-26 09:52:50.904 [restartedMain] WARN  org.apache.tomcat.util.modeler.Registry - The MBean registry cannot be disabled because it has already been initialised
2020-10-26 09:53:40.498 [restartedMain] WARN  org.apache.tomcat.util.modeler.Registry - The MBean registry cannot be disabled because it has already been initialised
2020-10-26 09:54:04.121 [restartedMain] WARN  org.apache.tomcat.util.modeler.Registry - The MBean registry cannot be disabled because it has already been initialised
2020-10-26 09:54:14.550 [http-nio-8001-exec-4] WARN  o.s.w.s.m.m.a.ExceptionHandlerExceptionResolver - Resolved [org.springframework.jdbc.BadSqlGrammarException: 
### Error querying database.  Cause: java.sql.SQLSyntaxErrorException: You have an error in your SQL syntax; check the manual that corresponds to your MySQL server version for the right syntax to use near 'menu_id = 41
             
             ) 
         
   
     
        limit 0,1' at line 5
### The error may exist in file [C:\Users\cmx\git\SxxGDZB-customization\serverv2\target\classes\mapper\ButtonMapper.xml]
### The error may involve com.kiwihouse.dao.mapper.ButtonMapper.queryInfo-Inline
### The error occurred while setting parameters
### SQL: SELECT * FROM button WHERE id not in (             SELECT button_id FROM menu_btn_model              WHERE 1 = 1                           menu_id = ?                            )                              limit ?,?
### Cause: java.sql.SQLSyntaxErrorException: You have an error in your SQL syntax; check the manual that corresponds to your MySQL server version for the right syntax to use near 'menu_id = 41
             
             ) 
         
   
     
        limit 0,1' at line 5
; bad SQL grammar []; nested exception is java.sql.SQLSyntaxErrorException: You have an error in your SQL syntax; check the manual that corresponds to your MySQL server version for the right syntax to use near 'menu_id = 41
             
             ) 
         
   
     
        limit 0,1' at line 5]
2020-10-26 09:56:04.136 [restartedMain] WARN  org.apache.tomcat.util.modeler.Registry - The MBean registry cannot be disabled because it has already been initialised
2020-10-26 09:56:11.759 [restartedMain] WARN  org.apache.tomcat.util.modeler.Registry - The MBean registry cannot be disabled because it has already been initialised
2020-10-26 09:56:22.285 [http-nio-8001-exec-3] WARN  o.s.w.s.m.support.DefaultHandlerExceptionResolver - Resolved [org.springframework.validation.BindException: org.springframework.validation.BeanPropertyBindingResult: 1 errors
Field error in object 'buttons' on field 'menuId': rejected value [null]; codes [typeMismatch.buttons.menuId,typeMismatch.menuId,typeMismatch.java.lang.Integer,typeMismatch]; arguments [org.springframework.context.support.DefaultMessageSourceResolvable: codes [buttons.menuId,menuId]; arguments []; default message [menuId]]; default message [Failed to convert property value of type 'java.lang.String' to required type 'java.lang.Integer' for property 'menuId'; nested exception is java.lang.NumberFormatException: For input string: "null"]]
2020-10-26 09:56:29.515 [http-nio-8001-exec-5] WARN  o.s.w.s.m.m.a.ExceptionHandlerExceptionResolver - Resolved [org.mybatis.spring.MyBatisSystemException: nested exception is org.apache.ibatis.binding.BindingException: Parameter 'menuId' not found. Available parameters are [buttons, trigger, param1, param2]]
2020-10-26 09:56:43.307 [http-nio-8001-exec-9] WARN  o.s.w.s.m.m.a.ExceptionHandlerExceptionResolver - Resolved [org.mybatis.spring.MyBatisSystemException: nested exception is org.apache.ibatis.binding.BindingException: Parameter 'menuId' not found. Available parameters are [buttons, trigger, param1, param2]]
2020-10-26 09:57:48.585 [restartedMain] WARN  org.apache.tomcat.util.modeler.Registry - The MBean registry cannot be disabled because it has already been initialised
2020-10-26 10:00:15.691 [http-nio-8001-exec-5] WARN  o.s.w.s.m.support.DefaultHandlerExceptionResolver - Resolved [org.springframework.validation.BindException: org.springframework.validation.BeanPropertyBindingResult: 1 errors
Field error in object 'buttons' on field 'menuId': rejected value [null]; codes [typeMismatch.buttons.menuId,typeMismatch.menuId,typeMismatch.java.lang.Integer,typeMismatch]; arguments [org.springframework.context.support.DefaultMessageSourceResolvable: codes [buttons.menuId,menuId]; arguments []; default message [menuId]]; default message [Failed to convert property value of type 'java.lang.String' to required type 'java.lang.Integer' for property 'menuId'; nested exception is java.lang.NumberFormatException: For input string: "null"]]
2020-10-26 10:00:36.513 [http-nio-8001-exec-8] WARN  o.s.w.s.m.support.DefaultHandlerExceptionResolver - Resolved [org.springframework.validation.BindException: org.springframework.validation.BeanPropertyBindingResult: 1 errors
Field error in object 'buttons' on field 'menuId': rejected value [null]; codes [typeMismatch.buttons.menuId,typeMismatch.menuId,typeMismatch.java.lang.Integer,typeMismatch]; arguments [org.springframework.context.support.DefaultMessageSourceResolvable: codes [buttons.menuId,menuId]; arguments []; default message [menuId]]; default message [Failed to convert property value of type 'java.lang.String' to required type 'java.lang.Integer' for property 'menuId'; nested exception is java.lang.NumberFormatException: For input string: "null"]]
2020-10-26 10:03:52.746 [http-nio-8001-exec-6] WARN  o.s.w.s.m.support.DefaultHandlerExceptionResolver - Resolved [org.springframework.validation.BindException: org.springframework.validation.BeanPropertyBindingResult: 1 errors
Field error in object 'buttons' on field 'menuId': rejected value [null]; codes [typeMismatch.buttons.menuId,typeMismatch.menuId,typeMismatch.java.lang.Integer,typeMismatch]; arguments [org.springframework.context.support.DefaultMessageSourceResolvable: codes [buttons.menuId,menuId]; arguments []; default message [menuId]]; default message [Failed to convert property value of type 'java.lang.String' to required type 'java.lang.Integer' for property 'menuId'; nested exception is java.lang.NumberFormatException: For input string: "null"]]
2020-10-26 10:04:28.864 [http-nio-8001-exec-6] WARN  o.s.w.s.m.support.DefaultHandlerExceptionResolver - Resolved [org.springframework.validation.BindException: org.springframework.validation.BeanPropertyBindingResult: 1 errors
Field error in object 'buttons' on field 'menuId': rejected value [null]; codes [typeMismatch.buttons.menuId,typeMismatch.menuId,typeMismatch.java.lang.Integer,typeMismatch]; arguments [org.springframework.context.support.DefaultMessageSourceResolvable: codes [buttons.menuId,menuId]; arguments []; default message [menuId]]; default message [Failed to convert property value of type 'java.lang.String' to required type 'java.lang.Integer' for property 'menuId'; nested exception is java.lang.NumberFormatException: For input string: "null"]]
2020-10-26 10:04:47.894 [http-nio-8001-exec-8] WARN  o.s.w.s.m.support.DefaultHandlerExceptionResolver - Resolved [org.springframework.validation.BindException: org.springframework.validation.BeanPropertyBindingResult: 1 errors
Field error in object 'buttons' on field 'menuId': rejected value [null]; codes [typeMismatch.buttons.menuId,typeMismatch.menuId,typeMismatch.java.lang.Integer,typeMismatch]; arguments [org.springframework.context.support.DefaultMessageSourceResolvable: codes [buttons.menuId,menuId]; arguments []; default message [menuId]]; default message [Failed to convert property value of type 'java.lang.String' to required type 'java.lang.Integer' for property 'menuId'; nested exception is java.lang.NumberFormatException: For input string: "null"]]
2020-10-26 10:08:39.950 [restartedMain] WARN  org.apache.tomcat.util.modeler.Registry - The MBean registry cannot be disabled because it has already been initialised
2020-10-26 10:10:08.300 [restartedMain] WARN  org.apache.tomcat.util.modeler.Registry - The MBean registry cannot be disabled because it has already been initialised
2020-10-26 15:13:10.515 [http-nio-8001-exec-8] WARN  com.kiwihouse.shiro.filter.PasswordFilter - admin::Submitted credentials for token [PasswordToken(username=admin, password=8419233822896A77C98CBBA2720EA832, timestamp=null, host=192.168.10.232)] did not match the expected credentials.
2020-10-26 15:20:59.695 [http-nio-8001-exec-5] WARN  o.s.w.s.m.m.a.ExceptionHandlerExceptionResolver - Resolved [org.springframework.jdbc.BadSqlGrammarException: 
### Error updating database.  Cause: java.sql.SQLException: Column count doesn't match value count at row 1
### The error may exist in file [C:\Users\cmx\git\SxxGDZB-customization\serverv2\target\classes\mapper\EquipmentMapper.xml]
### The error may involve com.kiwihouse.dao.mapper.EquipmentMapper.addInfo-Inline
### The error occurred while setting parameters
### SQL: insert into equipment          ( eqpt_name,eqpt_sn,imei,eqpt_type,add_time,                                                                                                                         imsi,                                           register,                                                                                               latitude )           values ( ?,?,?,?,NOW(),                                                                                                                         ?,                                           ?,                                                                                               ?,                                           ?,                                           latitude )
### Cause: java.sql.SQLException: Column count doesn't match value count at row 1
; bad SQL grammar []; nested exception is java.sql.SQLException: Column count doesn't match value count at row 1]
2020-10-26 15:28:52.712 [restartedMain] WARN  org.apache.tomcat.util.modeler.Registry - The MBean registry cannot be disabled because it has already been initialised
2020-10-26 15:29:19.581 [http-nio-8001-exec-8] WARN  o.s.w.s.m.m.a.ExceptionHandlerExceptionResolver - Resolved [org.springframework.jdbc.BadSqlGrammarException: 
### Error updating database.  Cause: java.sql.SQLException: Column count doesn't match value count at row 1
### The error may exist in file [C:\Users\cmx\git\SxxGDZB-customization\serverv2\target\classes\mapper\EquipmentMapper.xml]
### The error may involve com.kiwihouse.dao.mapper.EquipmentMapper.addInfo-Inline
### The error occurred while setting parameters
### SQL: insert into equipment          ( eqpt_name,eqpt_sn,imei,eqpt_type,add_time,                                                                                                                         imsi,                                           register,                                                                                               latitude )           values ( ?,?,?,?,NOW(),                                                                                                                         ?,                                           ?,                                                                                               ?,                                           ?,                                           ? )
### Cause: java.sql.SQLException: Column count doesn't match value count at row 1
; bad SQL grammar []; nested exception is java.sql.SQLException: Column count doesn't match value count at row 1]
2020-10-26 15:32:28.562 [restartedMain] WARN  org.apache.tomcat.util.modeler.Registry - The MBean registry cannot be disabled because it has already been initialised
2020-10-26 15:32:44.116 [http-nio-8001-exec-9] WARN  o.s.w.s.m.m.a.ExceptionHandlerExceptionResolver - Resolved [org.springframework.jdbc.BadSqlGrammarException: 
### Error updating database.  Cause: java.sql.SQLSyntaxErrorException: You have an error in your SQL syntax; check the manual that corresponds to your MySQL server version for the right syntax to use near ''23.08331',
            
            
                latitude ) 
         value' at line 21
### The error may exist in file [C:\Users\cmx\git\SxxGDZB-customization\serverv2\target\classes\mapper\EquipmentMapper.xml]
### The error may involve com.kiwihouse.dao.mapper.EquipmentMapper.addInfo-Inline
### The error occurred while setting parameters
### SQL: insert into equipment          ( eqpt_name,eqpt_sn,imei,eqpt_type,add_time,                                                                                                                         imsi,                                           register,                                                                                               ?,                                           latitude )           values ( ?,?,?,?,NOW(),                                                                                                                         ?,                                           ?,                                                                                               ?,                                           ?,                                           ? )
### Cause: java.sql.SQLSyntaxErrorException: You have an error in your SQL syntax; check the manual that corresponds to your MySQL server version for the right syntax to use near ''23.08331',
            
            
                latitude ) 
         value' at line 21
; bad SQL grammar []; nested exception is java.sql.SQLSyntaxErrorException: You have an error in your SQL syntax; check the manual that corresponds to your MySQL server version for the right syntax to use near ''23.08331',
            
            
                latitude ) 
         value' at line 21]
2020-10-26 15:32:54.680 [http-nio-8001-exec-7] WARN  o.s.w.s.m.m.a.ExceptionHandlerExceptionResolver - Resolved [org.springframework.jdbc.BadSqlGrammarException: 
### Error updating database.  Cause: java.sql.SQLSyntaxErrorException: You have an error in your SQL syntax; check the manual that corresponds to your MySQL server version for the right syntax to use near ''23.08331',
            
            
                latitude ) 
         value' at line 21
### The error may exist in file [C:\Users\cmx\git\SxxGDZB-customization\serverv2\target\classes\mapper\EquipmentMapper.xml]
### The error may involve com.kiwihouse.dao.mapper.EquipmentMapper.addInfo-Inline
### The error occurred while setting parameters
### SQL: insert into equipment          ( eqpt_name,eqpt_sn,imei,eqpt_type,add_time,                                                                                                                         imsi,                                           register,                                                                                               ?,                                           latitude )           values ( ?,?,?,?,NOW(),                                                                                                                         ?,                                           ?,                                                                                               ?,                                           ?,                                           ? )
### Cause: java.sql.SQLSyntaxErrorException: You have an error in your SQL syntax; check the manual that corresponds to your MySQL server version for the right syntax to use near ''23.08331',
            
            
                latitude ) 
         value' at line 21
; bad SQL grammar []; nested exception is java.sql.SQLSyntaxErrorException: You have an error in your SQL syntax; check the manual that corresponds to your MySQL server version for the right syntax to use near ''23.08331',
            
            
                latitude ) 
         value' at line 21]
2020-10-26 15:33:57.410 [restartedMain] WARN  org.apache.tomcat.util.modeler.Registry - The MBean registry cannot be disabled because it has already been initialised
2020-10-26 15:34:07.774 [restartedMain] WARN  org.apache.tomcat.util.modeler.Registry - The MBean registry cannot be disabled because it has already been initialised
2020-10-26 15:35:05.740 [restartedMain] WARN  org.apache.tomcat.util.modeler.Registry - The MBean registry cannot be disabled because it has already been initialised
2020-10-26 15:36:37.063 [http-nio-8001-exec-1] WARN  o.s.w.s.m.m.a.ExceptionHandlerExceptionResolver - Resolved [org.springframework.jdbc.BadSqlGrammarException: 
### Error updating database.  Cause: java.sql.SQLSyntaxErrorException: You have an error in your SQL syntax; check the manual that corresponds to your MySQL server version for the right syntax to use near ''23.08331',
            
            
                '113.3172' ) 
         val' at line 21
### The error may exist in file [C:\Users\cmx\git\SxxGDZB-customization\serverv2\target\classes\mapper\EquipmentMapper.xml]
### The error may involve com.kiwihouse.dao.mapper.EquipmentMapper.addInfo-Inline
### The error occurred while setting parameters
### SQL: insert into equipment          ( eqpt_name,eqpt_sn,imei,eqpt_type,add_time,                                                                                                                         imsi,                                           register,                                                                                               ?,                                           ? )           values ( ?,?,?,?,NOW(),                                                                                                                         ?,                                           ?,                                                                                               ?,                                           ?,                                           ? )
### Cause: java.sql.SQLSyntaxErrorException: You have an error in your SQL syntax; check the manual that corresponds to your MySQL server version for the right syntax to use near ''23.08331',
            
            
                '113.3172' ) 
         val' at line 21
; bad SQL grammar []; nested exception is java.sql.SQLSyntaxErrorException: You have an error in your SQL syntax; check the manual that corresponds to your MySQL server version for the right syntax to use near ''23.08331',
            
            
                '113.3172' ) 
         val' at line 21]
2020-10-26 15:36:47.428 [http-nio-8001-exec-2] WARN  o.s.w.s.m.m.a.ExceptionHandlerExceptionResolver - Resolved [org.springframework.jdbc.BadSqlGrammarException: 
### Error updating database.  Cause: java.sql.SQLSyntaxErrorException: You have an error in your SQL syntax; check the manual that corresponds to your MySQL server version for the right syntax to use near ''23.08331',
            
            
                '113.3172' ) 
         val' at line 21
### The error may exist in file [C:\Users\cmx\git\SxxGDZB-customization\serverv2\target\classes\mapper\EquipmentMapper.xml]
### The error may involve com.kiwihouse.dao.mapper.EquipmentMapper.addInfo-Inline
### The error occurred while setting parameters
### SQL: insert into equipment          ( eqpt_name,eqpt_sn,imei,eqpt_type,add_time,                                                                                                                         imsi,                                           register,                                                                                               ?,                                           ? )           values ( ?,?,?,?,NOW(),                                                                                                                         ?,                                           ?,                                                                                               ?,                                           ?,                                           ? )
### Cause: java.sql.SQLSyntaxErrorException: You have an error in your SQL syntax; check the manual that corresponds to your MySQL server version for the right syntax to use near ''23.08331',
            
            
                '113.3172' ) 
         val' at line 21
; bad SQL grammar []; nested exception is java.sql.SQLSyntaxErrorException: You have an error in your SQL syntax; check the manual that corresponds to your MySQL server version for the right syntax to use near ''23.08331',
            
            
                '113.3172' ) 
         val' at line 21]
2020-10-26 15:37:31.737 [restartedMain] WARN  org.apache.tomcat.util.modeler.Registry - The MBean registry cannot be disabled because it has already been initialised
2020-10-26 15:37:39.328 [http-nio-8001-exec-1] WARN  o.s.w.s.m.m.a.ExceptionHandlerExceptionResolver - Resolved [org.springframework.jdbc.BadSqlGrammarException: 
### Error updating database.  Cause: java.sql.SQLException: Column count doesn't match value count at row 1
### The error may exist in file [C:\Users\cmx\git\SxxGDZB-customization\serverv2\target\classes\mapper\EquipmentMapper.xml]
### The error may involve com.kiwihouse.dao.mapper.EquipmentMapper.addInfo-Inline
### The error occurred while setting parameters
### SQL: insert into equipment          ( eqpt_name,eqpt_sn,imei,eqpt_type,add_time,                                                                                                                         imsi,                                           register,                                                                                               latitude,                                           longitude )           values ( ?,?,?,?,NOW(),                                                                                                                         ?,                                           ?,                                                                                               ?,                                           ?,                                           ? )
### Cause: java.sql.SQLException: Column count doesn't match value count at row 1
; bad SQL grammar []; nested exception is java.sql.SQLException: Column count doesn't match value count at row 1]
2020-10-26 15:38:00.270 [http-nio-8001-exec-2] WARN  o.s.w.s.m.m.a.ExceptionHandlerExceptionResolver - Resolved [org.springframework.jdbc.BadSqlGrammarException: 
### Error updating database.  Cause: java.sql.SQLException: Column count doesn't match value count at row 1
### The error may exist in file [C:\Users\cmx\git\SxxGDZB-customization\serverv2\target\classes\mapper\EquipmentMapper.xml]
### The error may involve com.kiwihouse.dao.mapper.EquipmentMapper.addInfo-Inline
### The error occurred while setting parameters
### SQL: insert into equipment          ( eqpt_name,eqpt_sn,imei,eqpt_type,add_time,                                                                                                                         imsi,                                           register,                                                                                               latitude,                                           longitude )           values ( ?,?,?,?,NOW(),                                                                                                                         ?,                                           ?,                                                                                               ?,                                           ?,                                           ? )
### Cause: java.sql.SQLException: Column count doesn't match value count at row 1
; bad SQL grammar []; nested exception is java.sql.SQLException: Column count doesn't match value count at row 1]
2020-10-26 15:42:46.575 [http-nio-8001-exec-10] WARN  o.s.w.s.m.m.a.ExceptionHandlerExceptionResolver - Resolved [org.springframework.jdbc.BadSqlGrammarException: 
### Error updating database.  Cause: java.sql.SQLException: Column count doesn't match value count at row 1
### The error may exist in file [C:\Users\cmx\git\SxxGDZB-customization\serverv2\target\classes\mapper\EquipmentMapper.xml]
### The error may involve com.kiwihouse.dao.mapper.EquipmentMapper.addInfo-Inline
### The error occurred while setting parameters
### SQL: insert into equipment          ( eqpt_name,eqpt_sn,imei,eqpt_type,add_time,                                                                                                                         imsi,                                           register,                                                                                               latitude,                                           longitude )           values ( ?,?,?,?,NOW(),                                                                                                                         ?,                                           ?,                                                                                               ?,                                           ?,                                           ? )
### Cause: java.sql.SQLException: Column count doesn't match value count at row 1
; bad SQL grammar []; nested exception is java.sql.SQLException: Column count doesn't match value count at row 1]
2020-10-26 15:43:02.274 [http-nio-8001-exec-1] WARN  o.s.w.s.m.m.a.ExceptionHandlerExceptionResolver - Resolved [org.springframework.jdbc.BadSqlGrammarException: 
### Error updating database.  Cause: java.sql.SQLException: Column count doesn't match value count at row 1
### The error may exist in file [C:\Users\cmx\git\SxxGDZB-customization\serverv2\target\classes\mapper\EquipmentMapper.xml]
### The error may involve com.kiwihouse.dao.mapper.EquipmentMapper.addInfo-Inline
### The error occurred while setting parameters
### SQL: insert into equipment          ( eqpt_name,eqpt_sn,imei,eqpt_type,add_time,                                                                                                                         imsi,                                           register,                                                                                               latitude,                                           longitude )           values ( ?,?,?,?,NOW(),                                                                                                                         ?,                                           ?,                                                                                               ?,                                           ?,                                           ? )
### Cause: java.sql.SQLException: Column count doesn't match value count at row 1
; bad SQL grammar []; nested exception is java.sql.SQLException: Column count doesn't match value count at row 1]
2020-10-26 15:43:18.959 [http-nio-8001-exec-2] WARN  o.s.w.s.m.m.a.ExceptionHandlerExceptionResolver - Resolved [org.springframework.jdbc.BadSqlGrammarException: 
### Error updating database.  Cause: java.sql.SQLException: Column count doesn't match value count at row 1
### The error may exist in file [C:\Users\cmx\git\SxxGDZB-customization\serverv2\target\classes\mapper\EquipmentMapper.xml]
### The error may involve com.kiwihouse.dao.mapper.EquipmentMapper.addInfo-Inline
### The error occurred while setting parameters
### SQL: insert into equipment          ( eqpt_name,eqpt_sn,imei,eqpt_type,add_time,                                                                                                                         imsi,                                           register,                                                                                               latitude,                                           longitude )           values ( ?,?,?,?,NOW(),                                                                                                                         ?,                                           ?,                                                                                               ?,                                           ?,                                           ? )
### Cause: java.sql.SQLException: Column count doesn't match value count at row 1
; bad SQL grammar []; nested exception is java.sql.SQLException: Column count doesn't match value count at row 1]
2020-10-26 15:43:29.815 [http-nio-8001-exec-5] WARN  o.s.w.s.m.m.a.ExceptionHandlerExceptionResolver - Resolved [org.springframework.jdbc.BadSqlGrammarException: 
### Error updating database.  Cause: java.sql.SQLException: Column count doesn't match value count at row 1
### The error may exist in file [C:\Users\cmx\git\SxxGDZB-customization\serverv2\target\classes\mapper\EquipmentMapper.xml]
### The error may involve com.kiwihouse.dao.mapper.EquipmentMapper.addInfo-Inline
### The error occurred while setting parameters
### SQL: insert into equipment          ( eqpt_name,eqpt_sn,imei,eqpt_type,add_time,                                                                                                                         imsi,                                           register,                                                                                               latitude,                                           longitude )           values ( ?,?,?,?,NOW(),                                                                                                                         ?,                                           ?,                                                                                               ?,                                           ?,                                           ? )
### Cause: java.sql.SQLException: Column count doesn't match value count at row 1
; bad SQL grammar []; nested exception is java.sql.SQLException: Column count doesn't match value count at row 1]
2020-10-26 15:46:54.176 [restartedMain] WARN  org.apache.tomcat.util.modeler.Registry - The MBean registry cannot be disabled because it has already been initialised
2020-10-26 15:56:42.999 [http-nio-8001-exec-9] WARN  o.s.w.s.m.m.a.ExceptionHandlerExceptionResolver - Resolved [java.lang.NullPointerException]
2020-10-26 16:29:53.552 [restartedMain] WARN  org.apache.tomcat.util.modeler.Registry - The MBean registry cannot be disabled because it has already been initialised
2020-10-26 16:30:04.726 [restartedMain] WARN  org.apache.tomcat.util.modeler.Registry - The MBean registry cannot be disabled because it has already been initialised
2020-10-26 16:30:13.095 [restartedMain] WARN  org.apache.tomcat.util.modeler.Registry - The MBean registry cannot be disabled because it has already been initialised
2020-10-26 16:30:38.046 [restartedMain] WARN  org.apache.tomcat.util.modeler.Registry - The MBean registry cannot be disabled because it has already been initialised
2020-10-26 16:30:46.768 [restartedMain] WARN  org.apache.tomcat.util.modeler.Registry - The MBean registry cannot be disabled because it has already been initialised
2020-10-26 16:31:08.279 [restartedMain] WARN  org.apache.tomcat.util.modeler.Registry - The MBean registry cannot be disabled because it has already been initialised
2020-10-26 16:31:32.251 [restartedMain] WARN  org.apache.tomcat.util.modeler.Registry - The MBean registry cannot be disabled because it has already been initialised
2020-10-26 16:32:30.097 [restartedMain] WARN  org.apache.tomcat.util.modeler.Registry - The MBean registry cannot be disabled because it has already been initialised
2020-10-26 16:32:53.571 [restartedMain] WARN  org.apache.tomcat.util.modeler.Registry - The MBean registry cannot be disabled because it has already been initialised
2020-10-26 16:32:59.166 [restartedMain] WARN  org.apache.tomcat.util.modeler.Registry - The MBean registry cannot be disabled because it has already been initialised
2020-10-26 16:33:46.393 [restartedMain] WARN  org.apache.tomcat.util.modeler.Registry - The MBean registry cannot be disabled because it has already been initialised
2020-10-26 16:33:58.902 [restartedMain] WARN  org.apache.tomcat.util.modeler.Registry - The MBean registry cannot be disabled because it has already been initialised
2020-10-26 16:34:33.528 [restartedMain] WARN  org.apache.tomcat.util.modeler.Registry - The MBean registry cannot be disabled because it has already been initialised
2020-10-26 16:34:53.493 [restartedMain] WARN  org.apache.tomcat.util.modeler.Registry - The MBean registry cannot be disabled because it has already been initialised
2020-10-26 16:35:02.080 [restartedMain] WARN  org.apache.tomcat.util.modeler.Registry - The MBean registry cannot be disabled because it has already been initialised
2020-10-26 16:36:02.861 [restartedMain] WARN  org.apache.tomcat.util.modeler.Registry - The MBean registry cannot be disabled because it has already been initialised
2020-10-26 16:36:14.854 [restartedMain] WARN  org.apache.tomcat.util.modeler.Registry - The MBean registry cannot be disabled because it has already been initialised
2020-10-26 16:36:29.908 [restartedMain] WARN  org.apache.tomcat.util.modeler.Registry - The MBean registry cannot be disabled because it has already been initialised
2020-10-26 16:36:56.433 [restartedMain] WARN  org.apache.tomcat.util.modeler.Registry - The MBean registry cannot be disabled because it has already been initialised
2020-10-26 16:37:16.915 [restartedMain] WARN  org.apache.tomcat.util.modeler.Registry - The MBean registry cannot be disabled because it has already been initialised
2020-10-26 16:37:17.166 [restartedMain] WARN  o.s.b.w.s.c.AnnotationConfigServletWebServerApplicationContext - Exception encountered during context initialization - cancelling refresh attempt: org.springframework.beans.factory.BeanCreationException: Error creating bean with name 'wxEqmentController' defined in file [C:\Users\cmx\git\SxxGDZB-customization\serverv2\target\classes\com\kiwihouse\controller\equipment\WxEqmentController.class]: Instantiation of bean failed; nested exception is org.springframework.beans.BeanInstantiationException: Failed to instantiate [com.kiwihouse.controller.equipment.WxEqmentController]: Constructor threw exception; nested exception is java.lang.Error: Unresolved compilation problems: 
	WxEquipmentService cannot be resolved to a type
	WxEquipmentService cannot be resolved to a type
	WxEquipmentService cannot be resolved to a type
	WxEquipmentService cannot be resolved to a type
	WxEquipmentService cannot be resolved to a type

2020-10-26 16:37:38.798 [restartedMain] WARN  org.apache.tomcat.util.modeler.Registry - The MBean registry cannot be disabled because it has already been initialised
2020-10-26 16:37:39.019 [restartedMain] WARN  o.s.b.w.s.c.AnnotationConfigServletWebServerApplicationContext - Exception encountered during context initialization - cancelling refresh attempt: org.springframework.beans.factory.BeanCreationException: Error creating bean with name 'wxEqmentController' defined in file [C:\Users\cmx\git\SxxGDZB-customization\serverv2\target\classes\com\kiwihouse\controller\equipment\WxEqmentController.class]: Instantiation of bean failed; nested exception is org.springframework.beans.BeanInstantiationException: Failed to instantiate [com.kiwihouse.controller.equipment.WxEqmentController]: Constructor threw exception; nested exception is java.lang.Error: Unresolved compilation problems: 
	WxEquipmentService cannot be resolved to a type
	WxEquipmentService cannot be resolved to a type
	WxEquipmentService cannot be resolved to a type
	WxEquipmentService cannot be resolved to a type
	WxEquipmentService cannot be resolved to a type

2020-10-26 16:37:46.379 [restartedMain] WARN  org.apache.tomcat.util.modeler.Registry - The MBean registry cannot be disabled because it has already been initialised
2020-10-26 16:37:46.669 [restartedMain] WARN  o.s.b.w.s.c.AnnotationConfigServletWebServerApplicationContext - Exception encountered during context initialization - cancelling refresh attempt: org.springframework.beans.factory.BeanCreationException: Error creating bean with name 'wxEqmentController' defined in file [C:\Users\cmx\git\SxxGDZB-customization\serverv2\target\classes\com\kiwihouse\controller\equipment\WxEqmentController.class]: Instantiation of bean failed; nested exception is org.springframework.beans.BeanInstantiationException: Failed to instantiate [com.kiwihouse.controller.equipment.WxEqmentController]: Constructor threw exception; nested exception is java.lang.Error: Unresolved compilation problems: 
	WxEquipmentService cannot be resolved to a type
	WxEquipmentService cannot be resolved to a type
	WxEquipmentService cannot be resolved to a type
	WxEquipmentService cannot be resolved to a type
	WxEquipmentService cannot be resolved to a type

2020-10-26 16:38:06.506 [restartedMain] WARN  o.s.b.w.s.c.AnnotationConfigServletWebServerApplicationContext - Exception encountered during context initialization - cancelling refresh attempt: org.springframework.beans.factory.BeanCreationException: Error creating bean with name 'objectMapperConfigurer' defined in class path resource [springfox/documentation/spring/web/SpringfoxWebMvcConfiguration.class]: BeanPostProcessor before instantiation of bean failed; nested exception is org.springframework.beans.factory.BeanCreationException: Error creating bean with name 'org.springframework.transaction.annotation.ProxyTransactionManagementConfiguration': BeanPostProcessor before instantiation of bean failed; nested exception is org.springframework.beans.factory.BeanCreationException: Error creating bean with name 'org.springframework.cache.annotation.ProxyCachingConfiguration': BeanPostProcessor before instantiation of bean failed; nested exception is org.springframework.beans.factory.UnsatisfiedDependencyException: Error creating bean with name 'authorizationAttributeSourceAdvisor' defined in class path resource [org/apache/shiro/spring/boot/autoconfigure/ShiroAnnotationProcessorAutoConfiguration.class]: Unsatisfied dependency expressed through method 'authorizationAttributeSourceAdvisor' parameter 0; nested exception is org.springframework.beans.factory.UnsatisfiedDependencyException: Error creating bean with name 'shiroConfig': Unsatisfied dependency expressed through field 'accountProvider'; nested exception is org.springframework.beans.factory.UnsatisfiedDependencyException: Error creating bean with name 'AccountProvider': Unsatisfied dependency expressed through field 'accountService'; nested exception is org.springframework.beans.factory.UnsatisfiedDependencyException: Error creating bean with name 'AccountService': Unsatisfied dependency expressed through field 'userMapper'; nested exception is org.springframework.beans.factory.UnsatisfiedDependencyException: Error creating bean with name 'authUserMapper' defined in file [C:\Users\cmx\git\SxxGDZB-customization\serverv2\target\classes\com\kiwihouse\dao\mapper\AuthUserMapper.class]: Unsatisfied dependency expressed through bean property 'sqlSessionFactory'; nested exception is org.springframework.beans.factory.BeanCreationException: Error creating bean with name 'SqlSessionFactory' defined in class path resource [com/kiwihouse/config/database/DataSourceConfig.class]: Bean instantiation via factory method failed; nested exception is org.springframework.beans.BeanInstantiationException: Failed to instantiate [org.apache.ibatis.session.SqlSessionFactory]: Factory method 'SqlSessionFactory' threw exception; nested exception is org.springframework.core.NestedIOException: Failed to parse mapping resource: 'file [C:\Users\cmx\git\SxxGDZB-customization\serverv2\target\classes\mapper\WxEquipmentMapper.xml]'; nested exception is org.apache.ibatis.builder.BuilderException: Error parsing Mapper XML. The XML location is 'file [C:\Users\cmx\git\SxxGDZB-customization\serverv2\target\classes\mapper\WxEquipmentMapper.xml]'. Cause: org.apache.ibatis.builder.BuilderException: Error resolving class. Cause: org.apache.ibatis.type.TypeException: Could not resolve type alias 'com.example.demo.domain.WxEquipment'.  Cause: java.lang.ClassNotFoundException: Cannot find class: com.example.demo.domain.WxEquipment
2020-10-26 16:38:18.997 [restartedMain] WARN  o.s.b.w.s.c.AnnotationConfigServletWebServerApplicationContext - Exception encountered during context initialization - cancelling refresh attempt: org.springframework.beans.factory.BeanCreationException: Error creating bean with name 'objectMapperConfigurer' defined in class path resource [springfox/documentation/spring/web/SpringfoxWebMvcConfiguration.class]: BeanPostProcessor before instantiation of bean failed; nested exception is org.springframework.beans.factory.BeanCreationException: Error creating bean with name 'org.springframework.transaction.annotation.ProxyTransactionManagementConfiguration': BeanPostProcessor before instantiation of bean failed; nested exception is org.springframework.beans.factory.BeanCreationException: Error creating bean with name 'org.springframework.cache.annotation.ProxyCachingConfiguration': BeanPostProcessor before instantiation of bean failed; nested exception is org.springframework.beans.factory.UnsatisfiedDependencyException: Error creating bean with name 'authorizationAttributeSourceAdvisor' defined in class path resource [org/apache/shiro/spring/boot/autoconfigure/ShiroAnnotationProcessorAutoConfiguration.class]: Unsatisfied dependency expressed through method 'authorizationAttributeSourceAdvisor' parameter 0; nested exception is org.springframework.beans.factory.UnsatisfiedDependencyException: Error creating bean with name 'shiroConfig': Unsatisfied dependency expressed through field 'accountProvider'; nested exception is org.springframework.beans.factory.UnsatisfiedDependencyException: Error creating bean with name 'AccountProvider': Unsatisfied dependency expressed through field 'accountService'; nested exception is org.springframework.beans.factory.UnsatisfiedDependencyException: Error creating bean with name 'AccountService': Unsatisfied dependency expressed through field 'userMapper'; nested exception is org.springframework.beans.factory.UnsatisfiedDependencyException: Error creating bean with name 'authUserMapper' defined in file [C:\Users\cmx\git\SxxGDZB-customization\serverv2\target\classes\com\kiwihouse\dao\mapper\AuthUserMapper.class]: Unsatisfied dependency expressed through bean property 'sqlSessionFactory'; nested exception is org.springframework.beans.factory.BeanCreationException: Error creating bean with name 'SqlSessionFactory' defined in class path resource [com/kiwihouse/config/database/DataSourceConfig.class]: Bean instantiation via factory method failed; nested exception is org.springframework.beans.BeanInstantiationException: Failed to instantiate [org.apache.ibatis.session.SqlSessionFactory]: Factory method 'SqlSessionFactory' threw exception; nested exception is org.springframework.core.NestedIOException: Failed to parse mapping resource: 'file [C:\Users\cmx\git\SxxGDZB-customization\serverv2\target\classes\mapper\WxEquipmentMapper.xml]'; nested exception is org.apache.ibatis.builder.BuilderException: Error parsing Mapper XML. The XML location is 'file [C:\Users\cmx\git\SxxGDZB-customization\serverv2\target\classes\mapper\WxEquipmentMapper.xml]'. Cause: org.apache.ibatis.builder.BuilderException: Error resolving class. Cause: org.apache.ibatis.type.TypeException: Could not resolve type alias 'com.example.demo.domain.WxEquipment'.  Cause: java.lang.ClassNotFoundException: Cannot find class: com.example.demo.domain.WxEquipment
2020-10-26 16:38:32.968 [restartedMain] WARN  org.apache.tomcat.util.modeler.Registry - The MBean registry cannot be disabled because it has already been initialised
2020-10-26 16:38:33.249 [restartedMain] WARN  o.s.b.w.s.c.AnnotationConfigServletWebServerApplicationContext - Exception encountered during context initialization - cancelling refresh attempt: org.springframework.beans.factory.BeanCreationException: Error creating bean with name 'wxEqmentController' defined in file [C:\Users\cmx\git\SxxGDZB-customization\serverv2\target\classes\com\kiwihouse\controller\equipment\WxEqmentController.class]: Instantiation of bean failed; nested exception is org.springframework.beans.BeanInstantiationException: Failed to instantiate [com.kiwihouse.controller.equipment.WxEqmentController]: Constructor threw exception; nested exception is java.lang.Error: Unresolved compilation problems: 
	WxEquipmentService cannot be resolved to a type
	WxEquipmentService cannot be resolved to a type
	WxEquipmentService cannot be resolved to a type
	WxEquipmentService cannot be resolved to a type
	WxEquipmentService cannot be resolved to a type

2020-10-26 16:38:45.225 [restartedMain] WARN  org.apache.tomcat.util.modeler.Registry - The MBean registry cannot be disabled because it has already been initialised
2020-10-26 16:48:49.054 [restartedMain] WARN  org.apache.tomcat.util.modeler.Registry - The MBean registry cannot be disabled because it has already been initialised
2020-10-26 16:49:14.280 [restartedMain] WARN  org.apache.tomcat.util.modeler.Registry - The MBean registry cannot be disabled because it has already been initialised
2020-10-26 16:50:07.729 [restartedMain] WARN  org.apache.tomcat.util.modeler.Registry - The MBean registry cannot be disabled because it has already been initialised
2020-10-26 16:50:34.795 [restartedMain] WARN  org.apache.tomcat.util.modeler.Registry - The MBean registry cannot be disabled because it has already been initialised
2020-10-26 16:51:27.131 [restartedMain] WARN  org.apache.tomcat.util.modeler.Registry - The MBean registry cannot be disabled because it has already been initialised
2020-10-26 16:51:40.730 [restartedMain] WARN  org.apache.tomcat.util.modeler.Registry - The MBean registry cannot be disabled because it has already been initialised
2020-10-26 16:51:46.955 [restartedMain] WARN  org.apache.tomcat.util.modeler.Registry - The MBean registry cannot be disabled because it has already been initialised
2020-10-26 16:52:00.099 [restartedMain] WARN  org.apache.tomcat.util.modeler.Registry - The MBean registry cannot be disabled because it has already been initialised
2020-10-26 16:52:05.697 [restartedMain] WARN  org.apache.tomcat.util.modeler.Registry - The MBean registry cannot be disabled because it has already been initialised
2020-10-26 16:52:15.980 [restartedMain] WARN  org.apache.tomcat.util.modeler.Registry - The MBean registry cannot be disabled because it has already been initialised
2020-10-26 17:15:14.848 [restartedMain] WARN  org.apache.tomcat.util.modeler.Registry - The MBean registry cannot be disabled because it has already been initialised
2020-10-26 17:17:15.168 [restartedMain] WARN  org.apache.tomcat.util.modeler.Registry - The MBean registry cannot be disabled because it has already been initialised
2020-10-26 17:17:46.666 [restartedMain] WARN  org.apache.tomcat.util.modeler.Registry - The MBean registry cannot be disabled because it has already been initialised
2020-10-26 17:18:15.975 [restartedMain] WARN  org.apache.tomcat.util.modeler.Registry - The MBean registry cannot be disabled because it has already been initialised
2020-10-26 17:20:56.948 [restartedMain] WARN  org.apache.tomcat.util.modeler.Registry - The MBean registry cannot be disabled because it has already been initialised
2020-10-26 17:21:14.715 [restartedMain] WARN  org.apache.tomcat.util.modeler.Registry - The MBean registry cannot be disabled because it has already been initialised
2020-10-26 17:21:36.057 [restartedMain] WARN  org.apache.tomcat.util.modeler.Registry - The MBean registry cannot be disabled because it has already been initialised
2020-10-26 17:25:46.330 [restartedMain] WARN  org.apache.tomcat.util.modeler.Registry - The MBean registry cannot be disabled because it has already been initialised
2020-10-26 17:26:17.597 [restartedMain] WARN  org.apache.tomcat.util.modeler.Registry - The MBean registry cannot be disabled because it has already been initialised
2020-10-26 17:26:43.133 [restartedMain] WARN  org.apache.tomcat.util.modeler.Registry - The MBean registry cannot be disabled because it has already been initialised
2020-10-26 17:26:50.890 [restartedMain] WARN  org.apache.tomcat.util.modeler.Registry - The MBean registry cannot be disabled because it has already been initialised
2020-10-26 17:28:19.293 [restartedMain] WARN  org.apache.tomcat.util.modeler.Registry - The MBean registry cannot be disabled because it has already been initialised
2020-10-26 17:28:33.642 [restartedMain] WARN  org.apache.tomcat.util.modeler.Registry - The MBean registry cannot be disabled because it has already been initialised
2020-10-26 17:29:06.664 [restartedMain] WARN  org.apache.tomcat.util.modeler.Registry - The MBean registry cannot be disabled because it has already been initialised
2020-10-26 17:29:28.819 [restartedMain] WARN  org.apache.tomcat.util.modeler.Registry - The MBean registry cannot be disabled because it has already been initialised
2020-10-26 17:30:02.069 [restartedMain] WARN  org.apache.tomcat.util.modeler.Registry - The MBean registry cannot be disabled because it has already been initialised
2020-10-26 17:30:47.599 [restartedMain] WARN  org.apache.tomcat.util.modeler.Registry - The MBean registry cannot be disabled because it has already been initialised
2020-10-26 17:31:44.099 [restartedMain] WARN  org.apache.tomcat.util.modeler.Registry - The MBean registry cannot be disabled because it has already been initialised
2020-10-26 17:32:40.598 [restartedMain] WARN  org.apache.tomcat.util.modeler.Registry - The MBean registry cannot be disabled because it has already been initialised
2020-10-26 17:32:51.265 [restartedMain] WARN  org.apache.tomcat.util.modeler.Registry - The MBean registry cannot be disabled because it has already been initialised
2020-10-26 17:33:03.015 [restartedMain] WARN  o.s.b.w.s.c.AnnotationConfigServletWebServerApplicationContext - Exception encountered during context initialization - cancelling refresh attempt: org.springframework.beans.factory.BeanCreationException: Error creating bean with name 'objectMapperConfigurer' defined in class path resource [springfox/documentation/spring/web/SpringfoxWebMvcConfiguration.class]: BeanPostProcessor before instantiation of bean failed; nested exception is org.springframework.beans.factory.BeanCreationException: Error creating bean with name 'org.springframework.transaction.annotation.ProxyTransactionManagementConfiguration': BeanPostProcessor before instantiation of bean failed; nested exception is org.springframework.beans.factory.BeanCreationException: Error creating bean with name 'org.springframework.cache.annotation.ProxyCachingConfiguration': BeanPostProcessor before instantiation of bean failed; nested exception is org.springframework.beans.factory.UnsatisfiedDependencyException: Error creating bean with name 'authorizationAttributeSourceAdvisor' defined in class path resource [org/apache/shiro/spring/boot/autoconfigure/ShiroAnnotationProcessorAutoConfiguration.class]: Unsatisfied dependency expressed through method 'authorizationAttributeSourceAdvisor' parameter 0; nested exception is org.springframework.beans.factory.UnsatisfiedDependencyException: Error creating bean with name 'shiroConfig': Unsatisfied dependency expressed through field 'accountProvider'; nested exception is org.springframework.beans.factory.UnsatisfiedDependencyException: Error creating bean with name 'AccountProvider': Unsatisfied dependency expressed through field 'accountService'; nested exception is org.springframework.beans.factory.UnsatisfiedDependencyException: Error creating bean with name 'AccountService': Unsatisfied dependency expressed through field 'userMapper'; nested exception is org.springframework.beans.factory.UnsatisfiedDependencyException: Error creating bean with name 'authUserMapper' defined in file [C:\Users\cmx\git\SxxGDZB-customization\serverv2\target\classes\com\kiwihouse\dao\mapper\AuthUserMapper.class]: Unsatisfied dependency expressed through bean property 'sqlSessionFactory'; nested exception is org.springframework.beans.factory.BeanCreationException: Error creating bean with name 'SqlSessionFactory' defined in class path resource [com/kiwihouse/config/database/DataSourceConfig.class]: Bean instantiation via factory method failed; nested exception is org.springframework.beans.BeanInstantiationException: Failed to instantiate [org.apache.ibatis.session.SqlSessionFactory]: Factory method 'SqlSessionFactory' threw exception; nested exception is org.springframework.core.NestedIOException: Failed to parse mapping resource: 'file [C:\Users\cmx\git\SxxGDZB-customization\serverv2\target\classes\mapper\WxEquipmentMapper.xml]'; nested exception is org.apache.ibatis.builder.BuilderException: Error parsing Mapper XML. The XML location is 'file [C:\Users\cmx\git\SxxGDZB-customization\serverv2\target\classes\mapper\WxEquipmentMapper.xml]'. Cause: org.apache.ibatis.builder.BuilderException: Error resolving class. Cause: org.apache.ibatis.type.TypeException: Could not resolve type alias 'com.kiwihouse.dao.entity.vx.WxEquipment'.  Cause: java.lang.ClassNotFoundException: Cannot find class: com.kiwihouse.dao.entity.vx.WxEquipment
2020-10-26 17:33:26.364 [restartedMain] WARN  o.s.b.w.s.c.AnnotationConfigServletWebServerApplicationContext - Exception encountered during context initialization - cancelling refresh attempt: org.springframework.beans.factory.BeanCreationException: Error creating bean with name 'objectMapperConfigurer' defined in class path resource [springfox/documentation/spring/web/SpringfoxWebMvcConfiguration.class]: BeanPostProcessor before instantiation of bean failed; nested exception is org.springframework.beans.factory.BeanCreationException: Error creating bean with name 'org.springframework.transaction.annotation.ProxyTransactionManagementConfiguration': BeanPostProcessor before instantiation of bean failed; nested exception is org.springframework.beans.factory.BeanCreationException: Error creating bean with name 'org.springframework.cache.annotation.ProxyCachingConfiguration': BeanPostProcessor before instantiation of bean failed; nested exception is org.springframework.beans.factory.UnsatisfiedDependencyException: Error creating bean with name 'authorizationAttributeSourceAdvisor' defined in class path resource [org/apache/shiro/spring/boot/autoconfigure/ShiroAnnotationProcessorAutoConfiguration.class]: Unsatisfied dependency expressed through method 'authorizationAttributeSourceAdvisor' parameter 0; nested exception is org.springframework.beans.factory.UnsatisfiedDependencyException: Error creating bean with name 'shiroConfig': Unsatisfied dependency expressed through field 'accountProvider'; nested exception is org.springframework.beans.factory.UnsatisfiedDependencyException: Error creating bean with name 'AccountProvider': Unsatisfied dependency expressed through field 'accountService'; nested exception is org.springframework.beans.factory.UnsatisfiedDependencyException: Error creating bean with name 'AccountService': Unsatisfied dependency expressed through field 'userMapper'; nested exception is org.springframework.beans.factory.UnsatisfiedDependencyException: Error creating bean with name 'authUserMapper' defined in file [C:\Users\cmx\git\SxxGDZB-customization\serverv2\target\classes\com\kiwihouse\dao\mapper\AuthUserMapper.class]: Unsatisfied dependency expressed through bean property 'sqlSessionFactory'; nested exception is org.springframework.beans.factory.BeanCreationException: Error creating bean with name 'SqlSessionFactory' defined in class path resource [com/kiwihouse/config/database/DataSourceConfig.class]: Bean instantiation via factory method failed; nested exception is org.springframework.beans.BeanInstantiationException: Failed to instantiate [org.apache.ibatis.session.SqlSessionFactory]: Factory method 'SqlSessionFactory' threw exception; nested exception is org.springframework.core.NestedIOException: Failed to parse mapping resource: 'file [C:\Users\cmx\git\SxxGDZB-customization\serverv2\target\classes\mapper\WxEquipmentMapper.xml]'; nested exception is org.apache.ibatis.builder.BuilderException: Error parsing Mapper XML. The XML location is 'file [C:\Users\cmx\git\SxxGDZB-customization\serverv2\target\classes\mapper\WxEquipmentMapper.xml]'. Cause: org.apache.ibatis.builder.BuilderException: Error resolving class. Cause: org.apache.ibatis.type.TypeException: Could not resolve type alias 'com.kiwihouse.dao.entity.vx.WxEquipment'.  Cause: java.lang.ClassNotFoundException: Cannot find class: com.kiwihouse.dao.entity.vx.WxEquipment
2020-10-26 17:33:35.227 [restartedMain] WARN  o.s.b.w.s.c.AnnotationConfigServletWebServerApplicationContext - Exception encountered during context initialization - cancelling refresh attempt: org.springframework.beans.factory.BeanCreationException: Error creating bean with name 'objectMapperConfigurer' defined in class path resource [springfox/documentation/spring/web/SpringfoxWebMvcConfiguration.class]: BeanPostProcessor before instantiation of bean failed; nested exception is org.springframework.beans.factory.BeanCreationException: Error creating bean with name 'org.springframework.transaction.annotation.ProxyTransactionManagementConfiguration': BeanPostProcessor before instantiation of bean failed; nested exception is org.springframework.beans.factory.BeanCreationException: Error creating bean with name 'org.springframework.cache.annotation.ProxyCachingConfiguration': BeanPostProcessor before instantiation of bean failed; nested exception is org.springframework.beans.factory.UnsatisfiedDependencyException: Error creating bean with name 'authorizationAttributeSourceAdvisor' defined in class path resource [org/apache/shiro/spring/boot/autoconfigure/ShiroAnnotationProcessorAutoConfiguration.class]: Unsatisfied dependency expressed through method 'authorizationAttributeSourceAdvisor' parameter 0; nested exception is org.springframework.beans.factory.UnsatisfiedDependencyException: Error creating bean with name 'shiroConfig': Unsatisfied dependency expressed through field 'accountProvider'; nested exception is org.springframework.beans.factory.UnsatisfiedDependencyException: Error creating bean with name 'AccountProvider': Unsatisfied dependency expressed through field 'accountService'; nested exception is org.springframework.beans.factory.UnsatisfiedDependencyException: Error creating bean with name 'AccountService': Unsatisfied dependency expressed through field 'userMapper'; nested exception is org.springframework.beans.factory.UnsatisfiedDependencyException: Error creating bean with name 'authUserMapper' defined in file [C:\Users\cmx\git\SxxGDZB-customization\serverv2\target\classes\com\kiwihouse\dao\mapper\AuthUserMapper.class]: Unsatisfied dependency expressed through bean property 'sqlSessionFactory'; nested exception is org.springframework.beans.factory.BeanCreationException: Error creating bean with name 'SqlSessionFactory' defined in class path resource [com/kiwihouse/config/database/DataSourceConfig.class]: Bean instantiation via factory method failed; nested exception is org.springframework.beans.BeanInstantiationException: Failed to instantiate [org.apache.ibatis.session.SqlSessionFactory]: Factory method 'SqlSessionFactory' threw exception; nested exception is org.springframework.core.NestedIOException: Failed to parse mapping resource: 'file [C:\Users\cmx\git\SxxGDZB-customization\serverv2\target\classes\mapper\WxEquipmentMapper.xml]'; nested exception is org.apache.ibatis.builder.BuilderException: Error parsing Mapper XML. The XML location is 'file [C:\Users\cmx\git\SxxGDZB-customization\serverv2\target\classes\mapper\WxEquipmentMapper.xml]'. Cause: org.apache.ibatis.builder.BuilderException: Error resolving class. Cause: org.apache.ibatis.type.TypeException: Could not resolve type alias 'com.kiwihouse.dao.entity.vx.WxEquipment'.  Cause: java.lang.ClassNotFoundException: Cannot find class: com.kiwihouse.dao.entity.vx.WxEquipment
2020-10-26 17:33:59.978 [restartedMain] WARN  org.apache.tomcat.util.modeler.Registry - The MBean registry cannot be disabled because it has already been initialised
2020-10-26 17:34:31.909 [restartedMain] WARN  org.apache.tomcat.util.modeler.Registry - The MBean registry cannot be disabled because it has already been initialised
2020-10-26 17:35:56.933 [restartedMain] WARN  org.apache.tomcat.util.modeler.Registry - The MBean registry cannot be disabled because it has already been initialised
2020-10-26 17:36:11.554 [restartedMain] WARN  org.apache.tomcat.util.modeler.Registry - The MBean registry cannot be disabled because it has already been initialised
2020-10-26 17:36:34.601 [restartedMain] WARN  org.apache.tomcat.util.modeler.Registry - The MBean registry cannot be disabled because it has already been initialised
2020-10-26 17:36:54.322 [restartedMain] WARN  org.apache.tomcat.util.modeler.Registry - The MBean registry cannot be disabled because it has already been initialised
2020-10-26 17:37:24.528 [restartedMain] WARN  org.apache.tomcat.util.modeler.Registry - The MBean registry cannot be disabled because it has already been initialised
2020-10-26 17:37:47.592 [restartedMain] WARN  org.apache.tomcat.util.modeler.Registry - The MBean registry cannot be disabled because it has already been initialised
2020-10-26 17:38:01.352 [restartedMain] WARN  org.apache.tomcat.util.modeler.Registry - The MBean registry cannot be disabled because it has already been initialised
2020-10-26 17:38:13.441 [restartedMain] WARN  org.apache.tomcat.util.modeler.Registry - The MBean registry cannot be disabled because it has already been initialised
2020-10-26 17:38:28.855 [restartedMain] WARN  org.apache.tomcat.util.modeler.Registry - The MBean registry cannot be disabled because it has already been initialised
2020-10-26 17:38:46.851 [restartedMain] WARN  org.apache.tomcat.util.modeler.Registry - The MBean registry cannot be disabled because it has already been initialised
2020-10-26 17:38:55.875 [restartedMain] WARN  org.apache.tomcat.util.modeler.Registry - The MBean registry cannot be disabled because it has already been initialised
2020-10-26 17:39:10.188 [restartedMain] WARN  org.apache.tomcat.util.modeler.Registry - The MBean registry cannot be disabled because it has already been initialised
2020-10-26 17:39:41.412 [restartedMain] WARN  org.apache.tomcat.util.modeler.Registry - The MBean registry cannot be disabled because it has already been initialised
2020-10-26 17:39:55.056 [restartedMain] WARN  org.apache.tomcat.util.modeler.Registry - The MBean registry cannot be disabled because it has already been initialised
2020-10-26 17:40:17.429 [restartedMain] WARN  org.apache.tomcat.util.modeler.Registry - The MBean registry cannot be disabled because it has already been initialised
2020-10-26 17:41:09.022 [restartedMain] WARN  org.apache.tomcat.util.modeler.Registry - The MBean registry cannot be disabled because it has already been initialised
2020-10-26 17:42:04.615 [restartedMain] WARN  org.apache.tomcat.util.modeler.Registry - The MBean registry cannot be disabled because it has already been initialised
2020-10-26 17:43:26.665 [restartedMain] WARN  org.apache.tomcat.util.modeler.Registry - The MBean registry cannot be disabled because it has already been initialised
2020-10-26 17:43:37.332 [restartedMain] WARN  org.apache.tomcat.util.modeler.Registry - The MBean registry cannot be disabled because it has already been initialised
2020-10-26 17:43:38.069 [restartedMain] WARN  o.s.b.w.s.c.AnnotationConfigServletWebServerApplicationContext - Exception encountered during context initialization - cancelling refresh attempt: org.springframework.beans.factory.UnsatisfiedDependencyException: Error creating bean with name 'wxEqmentController': Unsatisfied dependency expressed through field 'equipmentService'; nested exception is org.springframework.beans.factory.BeanCreationException: Error creating bean with name 'wxEquipmentServiceImpl': Lookup method resolution failed; nested exception is java.lang.IllegalStateException: Failed to introspect Class [com.kiwihouse.service.impl.WxEquipmentServiceImpl] from ClassLoader [org.springframework.boot.devtools.restart.classloader.RestartClassLoader@1ab0f676]
2020-10-26 17:43:55.879 [restartedMain] WARN  o.s.b.w.s.c.AnnotationConfigServletWebServerApplicationContext - Exception encountered during context initialization - cancelling refresh attempt: org.springframework.beans.factory.BeanCreationException: Error creating bean with name 'objectMapperConfigurer' defined in class path resource [springfox/documentation/spring/web/SpringfoxWebMvcConfiguration.class]: BeanPostProcessor before instantiation of bean failed; nested exception is org.springframework.beans.factory.BeanCreationException: Error creating bean with name 'org.springframework.transaction.annotation.ProxyTransactionManagementConfiguration': BeanPostProcessor before instantiation of bean failed; nested exception is org.springframework.beans.factory.BeanCreationException: Error creating bean with name 'org.springframework.cache.annotation.ProxyCachingConfiguration': BeanPostProcessor before instantiation of bean failed; nested exception is org.springframework.beans.factory.UnsatisfiedDependencyException: Error creating bean with name 'authorizationAttributeSourceAdvisor' defined in class path resource [org/apache/shiro/spring/boot/autoconfigure/ShiroAnnotationProcessorAutoConfiguration.class]: Unsatisfied dependency expressed through method 'authorizationAttributeSourceAdvisor' parameter 0; nested exception is org.springframework.beans.factory.UnsatisfiedDependencyException: Error creating bean with name 'shiroConfig': Unsatisfied dependency expressed through field 'accountProvider'; nested exception is org.springframework.beans.factory.UnsatisfiedDependencyException: Error creating bean with name 'AccountProvider': Unsatisfied dependency expressed through field 'accountService'; nested exception is org.springframework.beans.factory.UnsatisfiedDependencyException: Error creating bean with name 'AccountService': Unsatisfied dependency expressed through field 'userMapper'; nested exception is org.springframework.beans.factory.UnsatisfiedDependencyException: Error creating bean with name 'authUserMapper' defined in file [C:\Users\cmx\git\SxxGDZB-customization\serverv2\target\classes\com\kiwihouse\dao\mapper\AuthUserMapper.class]: Unsatisfied dependency expressed through bean property 'sqlSessionFactory'; nested exception is org.springframework.beans.factory.BeanCreationException: Error creating bean with name 'SqlSessionFactory' defined in class path resource [com/kiwihouse/config/database/DataSourceConfig.class]: Bean instantiation via factory method failed; nested exception is org.springframework.beans.BeanInstantiationException: Failed to instantiate [org.apache.ibatis.session.SqlSessionFactory]: Factory method 'SqlSessionFactory' threw exception; nested exception is java.lang.Error: Unresolved compilation problem: 
	Add cannot be resolved to a type

2020-10-26 17:44:02.023 [restartedMain] WARN  org.apache.tomcat.util.modeler.Registry - The MBean registry cannot be disabled because it has already been initialised
2020-10-26 17:44:02.472 [restartedMain] WARN  o.s.b.w.s.c.AnnotationConfigServletWebServerApplicationContext - Exception encountered during context initialization - cancelling refresh attempt: org.springframework.beans.factory.UnsatisfiedDependencyException: Error creating bean with name 'wxEqmentController': Unsatisfied dependency expressed through field 'equipmentService'; nested exception is org.springframework.beans.factory.BeanCreationException: Error creating bean with name 'wxEquipmentServiceImpl': Lookup method resolution failed; nested exception is java.lang.IllegalStateException: Failed to introspect Class [com.kiwihouse.service.impl.WxEquipmentServiceImpl] from ClassLoader [org.springframework.boot.devtools.restart.classloader.RestartClassLoader@78af5ad6]
2020-10-26 17:44:06.310 [restartedMain] WARN  org.apache.tomcat.util.modeler.Registry - The MBean registry cannot be disabled because it has already been initialised
2020-10-26 17:45:18.719 [restartedMain] WARN  org.apache.tomcat.util.modeler.Registry - The MBean registry cannot be disabled because it has already been initialised
2020-10-26 17:45:30.623 [restartedMain] WARN  org.apache.tomcat.util.modeler.Registry - The MBean registry cannot be disabled because it has already been initialised
2020-10-26 17:46:52.862 [restartedMain] WARN  org.apache.tomcat.util.modeler.Registry - The MBean registry cannot be disabled because it has already been initialised
2020-10-26 17:47:01.473 [restartedMain] WARN  org.apache.tomcat.util.modeler.Registry - The MBean registry cannot be disabled because it has already been initialised
2020-10-26 17:47:34.212 [restartedMain] WARN  org.apache.tomcat.util.modeler.Registry - The MBean registry cannot be disabled because it has already been initialised
2020-10-26 17:48:03.390 [restartedMain] WARN  org.apache.tomcat.util.modeler.Registry - The MBean registry cannot be disabled because it has already been initialised
2020-10-26 17:48:11.110 [restartedMain] WARN  org.apache.tomcat.util.modeler.Registry - The MBean registry cannot be disabled because it has already been initialised
2020-10-26 17:48:28.252 [restartedMain] WARN  org.apache.tomcat.util.modeler.Registry - The MBean registry cannot be disabled because it has already been initialised
2020-10-26 17:48:35.021 [restartedMain] WARN  org.apache.tomcat.util.modeler.Registry - The MBean registry cannot be disabled because it has already been initialised
2020-10-26 17:49:01.492 [restartedMain] WARN  org.apache.tomcat.util.modeler.Registry - The MBean registry cannot be disabled because it has already been initialised
2020-10-26 18:04:51.822 [http-nio-8001-exec-7] WARN  o.s.w.s.m.m.a.ExceptionHandlerExceptionResolver - Resolved [java.lang.NullPointerException]
2020-10-26 18:06:28.058 [restartedMain] WARN  org.apache.tomcat.util.modeler.Registry - The MBean registry cannot be disabled because it has already been initialised
2020-10-26 18:06:41.361 [restartedMain] WARN  org.apache.tomcat.util.modeler.Registry - The MBean registry cannot be disabled because it has already been initialised
2020-10-26 18:07:26.997 [http-nio-8001-exec-3] WARN  o.s.w.s.m.m.a.ExceptionHandlerExceptionResolver - Resolved [java.lang.NullPointerException]
2020-10-26 18:10:29.674 [http-nio-8001-exec-1] WARN  o.s.w.s.m.m.a.ExceptionHandlerExceptionResolver - Resolved [java.lang.NullPointerException]
2020-10-26 18:11:31.198 [restartedMain] WARN  org.apache.tomcat.util.modeler.Registry - The MBean registry cannot be disabled because it has already been initialised
2020-10-26 18:30:59.303 [restartedMain] WARN  org.apache.tomcat.util.modeler.Registry - The MBean registry cannot be disabled because it has already been initialised
2020-10-26 18:33:07.740 [restartedMain] WARN  org.apache.tomcat.util.modeler.Registry - The MBean registry cannot be disabled because it has already been initialised
2020-10-26 18:33:40.974 [restartedMain] WARN  org.apache.tomcat.util.modeler.Registry - The MBean registry cannot be disabled because it has already been initialised
2020-10-26 18:33:48.998 [restartedMain] WARN  org.apache.tomcat.util.modeler.Registry - The MBean registry cannot be disabled because it has already been initialised
2020-10-26 18:35:02.404 [restartedMain] WARN  o.s.b.w.s.c.AnnotationConfigServletWebServerApplicationContext - Exception encountered during context initialization - cancelling refresh attempt: org.springframework.beans.factory.BeanCreationException: Error creating bean with name 'objectMapperConfigurer' defined in class path resource [springfox/documentation/spring/web/SpringfoxWebMvcConfiguration.class]: BeanPostProcessor before instantiation of bean failed; nested exception is org.springframework.beans.factory.BeanCreationException: Error creating bean with name 'org.springframework.transaction.annotation.ProxyTransactionManagementConfiguration': BeanPostProcessor before instantiation of bean failed; nested exception is org.springframework.beans.factory.BeanCreationException: Error creating bean with name 'org.springframework.cache.annotation.ProxyCachingConfiguration': BeanPostProcessor before instantiation of bean failed; nested exception is org.springframework.beans.factory.UnsatisfiedDependencyException: Error creating bean with name 'authorizationAttributeSourceAdvisor' defined in class path resource [org/apache/shiro/spring/boot/autoconfigure/ShiroAnnotationProcessorAutoConfiguration.class]: Unsatisfied dependency expressed through method 'authorizationAttributeSourceAdvisor' parameter 0; nested exception is org.springframework.beans.factory.UnsatisfiedDependencyException: Error creating bean with name 'shiroConfig': Unsatisfied dependency expressed through field 'accountProvider'; nested exception is org.springframework.beans.factory.UnsatisfiedDependencyException: Error creating bean with name 'AccountProvider': Unsatisfied dependency expressed through field 'accountService'; nested exception is org.springframework.beans.factory.UnsatisfiedDependencyException: Error creating bean with name 'AccountService': Unsatisfied dependency expressed through field 'userMapper'; nested exception is org.springframework.beans.factory.UnsatisfiedDependencyException: Error creating bean with name 'authUserMapper' defined in file [C:\Users\cmx\git\SxxGDZB-customization\serverv2\target\classes\com\kiwihouse\dao\mapper\AuthUserMapper.class]: Unsatisfied dependency expressed through bean property 'sqlSessionFactory'; nested exception is org.springframework.beans.factory.BeanCreationException: Error creating bean with name 'SqlSessionFactory' defined in class path resource [com/kiwihouse/config/database/DataSourceConfig.class]: Bean instantiation via factory method failed; nested exception is org.springframework.beans.BeanInstantiationException: Failed to instantiate [org.apache.ibatis.session.SqlSessionFactory]: Factory method 'SqlSessionFactory' threw exception; nested exception is org.springframework.core.NestedIOException: Failed to parse mapping resource: 'file [C:\Users\cmx\git\SxxGDZB-customization\serverv2\target\classes\mapper\WxEquipmentMapper.xml]'; nested exception is org.apache.ibatis.builder.BuilderException: Error parsing Mapper XML. The XML location is 'file [C:\Users\cmx\git\SxxGDZB-customization\serverv2\target\classes\mapper\WxEquipmentMapper.xml]'. Cause: org.apache.ibatis.builder.BuilderException: Parsing error was found in mapping #{eqptId,userId}.  Check syntax #{property|(expression), var1=value1, var2=value2, ...} 
2020-10-26 18:35:37.606 [restartedMain] WARN  org.apache.tomcat.util.modeler.Registry - The MBean registry cannot be disabled because it has already been initialised
2020-10-26 18:35:58.823 [restartedMain] WARN  org.apache.tomcat.util.modeler.Registry - The MBean registry cannot be disabled because it has already been initialised
